#
# A fatal error has been detected by the Java Runtime Environment:
#
#  INVALID (0xe0000000) at pc=0x0000000000000000, pid=10258, tid=0x0000000000005f07
#  fatal error: Illegal threadstate encountered: 4
#
# JRE version: OpenJDK Runtime Environment (Zulu 8.58.0.13-CA-macosx) (8.0_312-b07) (build 1.8.0_312-b07)
# Java VM: OpenJDK 64-Bit Server VM (25.312-b07 mixed mode bsd-amd64 compressed oops)
# Failed to write core dump. Core dumps have been disabled. To enable core dumping, try "ulimit -c unlimited" before starting Java again
#
# If you would like to submit a bug report, please visit:
#   http://www.azul.com/support/
# The crash happened outside the Java Virtual Machine in native code.
# See problematic frame for where to report the bug.
#

---------------  T H R E A D  ---------------

Current thread (0x00007fe0a20fc800):  JavaThread "Thread-1" daemon [_thread_in_native, id=24327, stack(0x000070000546d000,0x000070000556d000)]

Stack: [0x000070000546d000,0x000070000556d000],  sp=0x000070000556c010,  free space=1020k
Native frames: (J=compiled Java code, j=interpreted, Vv=VM code, C=native code)
V  [libjvm.dylib+0x5b1e72]
V  [libjvm.dylib+0x1d77b3]
V  [libjvm.dylib+0x4fb301]
V  [libjvm.dylib+0x576b31]
V  [libjvm.dylib+0x30e798]
C  [libglass.dylib+0x9e88]  -[GlassRunnable dealloc]+0x28
C  [Foundation+0x818ee]  -[_NSThreadPerformInfo dealloc]+0x2a
C  [Foundation+0x4e466]  -[NSObject(NSThreadPerformAdditions) performSelectorOnMainThread:withObject:waitUntilDone:]+0x7c
J 3810  com.sun.glass.ui.mac.MacApplication._submitForLaterInvocation(Ljava/lang/Runnable;)V (0 bytes) @ 0x00000001180a91bc [0x00000001180a9100+0xbc]
J 3809 C1 com.sun.glass.ui.mac.MacApplication.submitForLaterInvocation(Ljava/lang/Runnable;)V (6 bytes) @ 0x00000001180adffc [0x00000001180adf80+0x7c]
j  com.sun.glass.ui.InvokeLaterDispatcher.run()V+82
v  ~StubRoutines::call_stub
V  [libjvm.dylib+0x2d7e24]
V  [libjvm.dylib+0x2d6c7e]
V  [libjvm.dylib+0x2d6e5f]
V  [libjvm.dylib+0x35324b]
V  [libjvm.dylib+0x57538a]
V  [libjvm.dylib+0x57523d]
V  [libjvm.dylib+0x49f1f7]
C  [libsystem_pthread.dylib+0x64e1]  _pthread_start+0x7d
C  [libsystem_pthread.dylib+0x1f6b]  thread_start+0xf
C  0x0000000000000000

Java frames: (J=compiled Java code, j=interpreted, Vv=VM code)
J 3810  com.sun.glass.ui.mac.MacApplication._submitForLaterInvocation(Ljava/lang/Runnable;)V (0 bytes) @ 0x00000001180a914c [0x00000001180a9100+0x4c]
J 3809 C1 com.sun.glass.ui.mac.MacApplication.submitForLaterInvocation(Ljava/lang/Runnable;)V (6 bytes) @ 0x00000001180adffc [0x00000001180adf80+0x7c]
j  com.sun.glass.ui.InvokeLaterDispatcher.run()V+82
v  ~StubRoutines::call_stub

---------------  P R O C E S S  ---------------

Java Threads: ( => current thread )
  0x00007fe0a24ec800 JavaThread "Hibernate Connection Pool Validation Thread" daemon [_thread_blocked, id=71435, stack(0x0000700005c8e000,0x0000700005d8e000)]
  0x00007fe0a313d800 JavaThread "mysql-cj-abandoned-connection-cleanup" daemon [_thread_blocked, id=60715, stack(0x0000700005b8b000,0x0000700005c8b000)]
  0x00007fe0a3a58000 JavaThread "PulseTimer-CVDisplayLink thread" daemon [_thread_in_native, id=52995, stack(0x0000700005b08000,0x0000700005b88000)]
  0x00007fe0a4151800 JavaThread "Prism Font Disposer" daemon [_thread_blocked, id=83207, stack(0x00007000055f3000,0x00007000056f3000)]
  0x00007fe0a213a000 JavaThread "Attach Listener" daemon [_thread_blocked, id=52483, stack(0x0000700005a05000,0x0000700005b05000)]
  0x00007fe0a31d8800 JavaThread "JavaFX-Launcher" [_thread_blocked, id=49159, stack(0x000070000587f000,0x000070000597f000)]
  0x00007fe0a4107800 JavaThread "JavaFX Application Thread" [_thread_in_native_trans, id=259, stack(0x00007ff7b583a000,0x00007ff7b603a000)]
=>0x00007fe0a20fc800 JavaThread "Thread-1" daemon [_thread_in_native, id=24327, stack(0x000070000546d000,0x000070000556d000)]
  0x00007fe0a3169000 JavaThread "QuantumRenderer-0" daemon [_thread_blocked, id=17155, stack(0x000070000536a000,0x000070000546a000)]
  0x00007fe0a389d000 JavaThread "Service Thread" daemon [_thread_blocked, id=15363, stack(0x0000700005164000,0x0000700005264000)]
  0x00007fe0a3050800 JavaThread "C1 CompilerThread2" daemon [_thread_blocked, id=15107, stack(0x0000700005061000,0x0000700005161000)]
  0x00007fe0a2031800 JavaThread "C2 CompilerThread1" daemon [_thread_in_native, id=14595, stack(0x0000700004f5e000,0x000070000505e000)]
  0x00007fe0a304f800 JavaThread "C2 CompilerThread0" daemon [_thread_blocked, id=14083, stack(0x0000700004e5b000,0x0000700004f5b000)]
  0x00007fe0a304d000 JavaThread "Monitor Ctrl-Break" daemon [_thread_in_native, id=13827, stack(0x0000700004d58000,0x0000700004e58000)]
  0x00007fe0a2032800 JavaThread "Signal Dispatcher" daemon [_thread_blocked, id=13571, stack(0x0000700004c55000,0x0000700004d55000)]
  0x00007fe0a202c000 JavaThread "Finalizer" daemon [_thread_blocked, id=12291, stack(0x0000700004a4c000,0x0000700004b4c000)]
  0x00007fe0a3829000 JavaThread "Reference Handler" daemon [_thread_blocked, id=20995, stack(0x0000700004949000,0x0000700004a49000)]
  0x00007fe0a200d000 JavaThread "main" [_thread_blocked, id=10243, stack(0x0000700004337000,0x0000700004437000)]

Other Threads:
  0x00007fe0a2027800 VMThread [stack: 0x0000700004846000,0x0000700004946000] [id=11523]
  0x00007fe0a4082800 WatcherThread [stack: 0x0000700005267000,0x0000700005367000] [id=17667]

VM state:not at safepoint (normal execution)

VM Mutex/Monitor currently owned by a thread: None

heap address: 0x0000000740000000, size: 2048 MB, Compressed Oops mode: Zero based, Oop shift amount: 3
Narrow klass base: 0x0000000000000000, Narrow klass shift: 3
Compressed class space size: 1073741824 Address: 0x00000007c0000000

Heap:
 PSYoungGen      total 146432K, used 107190K [0x0000000795580000, 0x000000079f680000, 0x00000007c0000000)
  eden space 129024K, 83% used [0x0000000795580000,0x000000079be2d898,0x000000079d380000)
  from space 17408K, 0% used [0x000000079e580000,0x000000079e580000,0x000000079f680000)
  to   space 17920K, 0% used [0x000000079d380000,0x000000079d380000,0x000000079e500000)
 ParOldGen       total 73728K, used 20154K [0x0000000740000000, 0x0000000744800000, 0x0000000795580000)
  object space 73728K, 27% used [0x0000000740000000,0x00000007413ae9a8,0x0000000744800000)
 Metaspace       used 45430K, capacity 46890K, committed 47104K, reserved 1089536K
  class space    used 6298K, capacity 6605K, committed 6656K, reserved 1048576K

Card table byte_map: [0x000000010a4a9000,0x000000010a8aa000] byte_map_base: 0x0000000106aa9000

Marking Bits: (ParMarkBitMap*) 0x000000010b52a948
 Begin Bits: [0x000000010bc3a000, 0x000000010dc3a000)
 End Bits:   [0x000000010dc3a000, 0x000000010fc3a000)

Polling page: 0x0000000109ffe000

CodeCache: size=245760Kb used=15095Kb max_used=15734Kb free=230664Kb
 bounds [0x000000011751e000, 0x00000001184ce000, 0x000000012651e000]
 total_blobs=5629 nmethods=4762 adapters=778
 compilation: enabled

Compilation events (10 events):
Event: 47.772 Thread 0x00007fe0a3050800 nmethod 5317 0x00000001178a9bd0 code [0x00000001178a9f60, 0x00000001178ab998]
Event: 47.804 Thread 0x00007fe0a3050800 5318       3       java.util.LinkedList::push (6 bytes)
Event: 47.804 Thread 0x00007fe0a3050800 nmethod 5318 0x00000001177ab810 code [0x00000001177ab980, 0x00000001177abb68]
Event: 47.855 Thread 0x00007fe0a3050800 5319       3       com.sun.javafx.css.BitSet::remove (171 bytes)
Event: 47.856 Thread 0x00007fe0a3050800 nmethod 5319 0x00000001177f8890 code [0x00000001177f8aa0, 0x00000001177f9708]
Event: 47.864 Thread 0x00007fe0a304f800 5320       4       java.lang.Enum::compareTo (44 bytes)
Event: 47.865 Thread 0x00007fe0a304f800 nmethod 5320 0x0000000117b984d0 code [0x0000000117b98620, 0x0000000117b986d8]
Event: 47.865 Thread 0x00007fe0a304f800 5321       4       javafx.scene.Node::getTransformedBounds (248 bytes)
Event: 47.867 Thread 0x00007fe0a3050800 5322       1       com.sun.javafx.font.PrismFontStrike::getTransform (5 bytes)
Event: 47.867 Thread 0x00007fe0a3050800 nmethod 5322 0x0000000117c38b10 code [0x0000000117c38c60, 0x0000000117c38d70]

GC Heap History (10 events):
Event: 6.014 GC heap before
{Heap before GC invocations=4 (full 0):
 PSYoungGen      total 38400K, used 24294K [0x0000000795580000, 0x000000079a080000, 0x00000007c0000000)
  eden space 33280K, 57% used [0x0000000795580000,0x00000007968412d8,0x0000000797600000)
  from space 5120K, 99% used [0x0000000797600000,0x0000000797af86c0,0x0000000797b00000)
  to   space 5120K, 0% used [0x0000000799b80000,0x0000000799b80000,0x000000079a080000)
 ParOldGen       total 87552K, used 17263K [0x0000000740000000, 0x0000000745580000, 0x0000000795580000)
  object space 87552K, 19% used [0x0000000740000000,0x00000007410dbc38,0x0000000745580000)
 Metaspace       used 20486K, capacity 21090K, committed 21248K, reserved 1067008K
  class space    used 2794K, capacity 2975K, committed 3072K, reserved 1048576K
Event: 6.020 GC heap after
Heap after GC invocations=4 (full 0):
 PSYoungGen      total 71680K, used 5089K [0x0000000795580000, 0x000000079a080000, 0x00000007c0000000)
  eden space 66560K, 0% used [0x0000000795580000,0x0000000795580000,0x0000000799680000)
  from space 5120K, 99% used [0x0000000799b80000,0x000000079a0786a0,0x000000079a080000)
  to   space 5120K, 0% used [0x0000000799680000,0x0000000799680000,0x0000000799b80000)
 ParOldGen       total 87552K, used 19481K [0x0000000740000000, 0x0000000745580000, 0x0000000795580000)
  object space 87552K, 22% used [0x0000000740000000,0x0000000741306638,0x0000000745580000)
 Metaspace       used 20486K, capacity 21090K, committed 21248K, reserved 1067008K
  class space    used 2794K, capacity 2975K, committed 3072K, reserved 1048576K
}
Event: 6.020 GC heap before
{Heap before GC invocations=5 (full 1):
 PSYoungGen      total 71680K, used 5089K [0x0000000795580000, 0x000000079a080000, 0x00000007c0000000)
  eden space 66560K, 0% used [0x0000000795580000,0x0000000795580000,0x0000000799680000)
  from space 5120K, 99% used [0x0000000799b80000,0x000000079a0786a0,0x000000079a080000)
  to   space 5120K, 0% used [0x0000000799680000,0x0000000799680000,0x0000000799b80000)
 ParOldGen       total 87552K, used 19481K [0x0000000740000000, 0x0000000745580000, 0x0000000795580000)
  object space 87552K, 22% used [0x0000000740000000,0x0000000741306638,0x0000000745580000)
 Metaspace       used 20486K, capacity 21090K, committed 21248K, reserved 1067008K
  class space    used 2794K, capacity 2975K, committed 3072K, reserved 1048576K
Event: 6.057 GC heap after
Heap after GC invocations=5 (full 1):
 PSYoungGen      total 71680K, used 0K [0x0000000795580000, 0x000000079a080000, 0x00000007c0000000)
  eden space 66560K, 0% used [0x0000000795580000,0x0000000795580000,0x0000000799680000)
  from space 5120K, 0% used [0x0000000799b80000,0x0000000799b80000,0x000000079a080000)
  to   space 5120K, 0% used [0x0000000799680000,0x0000000799680000,0x0000000799b80000)
 ParOldGen       total 65536K, used 15969K [0x0000000740000000, 0x0000000744000000, 0x0000000795580000)
  object space 65536K, 24% used [0x0000000740000000,0x0000000740f98688,0x0000000744000000)
 Metaspace       used 20486K, capacity 21090K, committed 21248K, reserved 1067008K
  class space    used 2794K, capacity 2975K, committed 3072K, reserved 1048576K
}
Event: 7.332 GC heap before
{Heap before GC invocations=6 (full 1):
 PSYoungGen      total 71680K, used 66560K [0x0000000795580000, 0x000000079a080000, 0x00000007c0000000)
  eden space 66560K, 100% used [0x0000000795580000,0x0000000799680000,0x0000000799680000)
  from space 5120K, 0% used [0x0000000799b80000,0x0000000799b80000,0x000000079a080000)
  to   space 5120K, 0% used [0x0000000799680000,0x0000000799680000,0x0000000799b80000)
 ParOldGen       total 65536K, used 15969K [0x0000000740000000, 0x0000000744000000, 0x0000000795580000)
  object space 65536K, 24% used [0x0000000740000000,0x0000000740f98688,0x0000000744000000)
 Metaspace       used 31562K, capacity 32466K, committed 32896K, reserved 1077248K
  class space    used 4385K, capacity 4613K, committed 4736K, reserved 1048576K
Event: 7.346 GC heap after
Heap after GC invocations=6 (full 1):
 PSYoungGen      total 71680K, used 5096K [0x0000000795580000, 0x000000079f700000, 0x00000007c0000000)
  eden space 66560K, 0% used [0x0000000795580000,0x0000000795580000,0x0000000799680000)
  from space 5120K, 99% used [0x0000000799680000,0x0000000799b7a258,0x0000000799b80000)
  to   space 17920K, 0% used [0x000000079e580000,0x000000079e580000,0x000000079f700000)
 ParOldGen       total 65536K, used 19564K [0x0000000740000000, 0x0000000744000000, 0x0000000795580000)
  object space 65536K, 29% used [0x0000000740000000,0x000000074131b018,0x0000000744000000)
 Metaspace       used 31562K, capacity 32466K, committed 32896K, reserved 1077248K
  class space    used 4385K, capacity 4613K, committed 4736K, reserved 1048576K
}
Event: 7.618 GC heap before
{Heap before GC invocations=7 (full 1):
 PSYoungGen      total 71680K, used 28856K [0x0000000795580000, 0x000000079f700000, 0x00000007c0000000)
  eden space 66560K, 35% used [0x0000000795580000,0x0000000796cb4100,0x0000000799680000)
  from space 5120K, 99% used [0x0000000799680000,0x0000000799b7a258,0x0000000799b80000)
  to   space 17920K, 0% used [0x000000079e580000,0x000000079e580000,0x000000079f700000)
 ParOldGen       total 65536K, used 19564K [0x0000000740000000, 0x0000000744000000, 0x0000000795580000)
  object space 65536K, 29% used [0x0000000740000000,0x000000074131b018,0x0000000744000000)
 Metaspace       used 34263K, capacity 35206K, committed 35416K, reserved 1079296K
  class space    used 4751K, capacity 5005K, committed 5120K, reserved 1048576K
Event: 7.629 GC heap after
Heap after GC invocations=7 (full 1):
 PSYoungGen      total 146432K, used 6150K [0x0000000795580000, 0x000000079f680000, 0x00000007c0000000)
  eden space 129024K, 0% used [0x0000000795580000,0x0000000795580000,0x000000079d380000)
  from space 17408K, 35% used [0x000000079e580000,0x000000079eb819a8,0x000000079f680000)
  to   space 17920K, 0% used [0x000000079d380000,0x000000079d380000,0x000000079e500000)
 ParOldGen       total 65536K, used 19572K [0x0000000740000000, 0x0000000744000000, 0x0000000795580000)
  object space 65536K, 29% used [0x0000000740000000,0x000000074131d018,0x0000000744000000)
 Metaspace       used 34263K, capacity 35206K, committed 35416K, reserved 1079296K
  class space    used 4751K, capacity 5005K, committed 5120K, reserved 1048576K
}
Event: 7.629 GC heap before
{Heap before GC invocations=8 (full 2):
 PSYoungGen      total 146432K, used 6150K [0x0000000795580000, 0x000000079f680000, 0x00000007c0000000)
  eden space 129024K, 0% used [0x0000000795580000,0x0000000795580000,0x000000079d380000)
  from space 17408K, 35% used [0x000000079e580000,0x000000079eb819a8,0x000000079f680000)
  to   space 17920K, 0% used [0x000000079d380000,0x000000079d380000,0x000000079e500000)
 ParOldGen       total 65536K, used 19572K [0x0000000740000000, 0x0000000744000000, 0x0000000795580000)
  object space 65536K, 29% used [0x0000000740000000,0x000000074131d018,0x0000000744000000)
 Metaspace       used 34263K, capacity 35206K, committed 35416K, reserved 1079296K
  class space    used 4751K, capacity 5005K, committed 5120K, reserved 1048576K
Event: 7.671 GC heap after
Heap after GC invocations=8 (full 2):
 PSYoungGen      total 146432K, used 0K [0x0000000795580000, 0x000000079f680000, 0x00000007c0000000)
  eden space 129024K, 0% used [0x0000000795580000,0x0000000795580000,0x000000079d380000)
  from space 17408K, 0% used [0x000000079e580000,0x000000079e580000,0x000000079f680000)
  to   space 17920K, 0% used [0x000000079d380000,0x000000079d380000,0x000000079e500000)
 ParOldGen       total 73728K, used 20154K [0x0000000740000000, 0x0000000744800000, 0x0000000795580000)
  object space 73728K, 27% used [0x0000000740000000,0x00000007413ae9a8,0x0000000744800000)
 Metaspace       used 34263K, capacity 35206K, committed 35416K, reserved 1079296K
  class space    used 4751K, capacity 5005K, committed 5120K, reserved 1048576K
}

Deoptimization events (10 events):
Event: 38.247 Thread 0x00007fe0a4107800 Uncommon trap: reason=class_check action=maybe_recompile pc=0x000000011841643c method=com.sun.javafx.css.StyleManager.findMatchingStyles(Ljavafx/scene/Node;Ljavafx/scene/SubScene;[Ljava/util/Set;)Lcom/sun/javafx/css/StyleMap; @ 981
Event: 38.250 Thread 0x00007fe0a3169000 Uncommon trap: reason=unstable_if action=reinterpret pc=0x00000001177c7ea8 method=com.sun.javafx.sg.prism.NGNode.getEffect()Lcom/sun/scenario/effect/Effect; @ 4
Event: 38.251 Thread 0x00007fe0a3169000 Uncommon trap: reason=unstable_if action=reinterpret pc=0x000000011840b108 method=java.lang.Math.round(F)I @ 36
Event: 38.251 Thread 0x00007fe0a3169000 Uncommon trap: reason=unstable_if action=reinterpret pc=0x00000001180c6ca4 method=java.lang.Math.round(F)I @ 36
Event: 38.263 Thread 0x00007fe0a4107800 Uncommon trap: reason=class_check action=maybe_recompile pc=0x0000000117fa4ee4 method=javafx.scene.Node.updateLocalToParentTransform()V @ 209
Event: 38.280 Thread 0x00007fe0a4107800 Uncommon trap: reason=class_check action=maybe_recompile pc=0x0000000117fa4ee4 method=javafx.scene.Node.updateLocalToParentTransform()V @ 209
Event: 38.296 Thread 0x00007fe0a4107800 Uncommon trap: reason=class_check action=maybe_recompile pc=0x0000000117fa4ee4 method=javafx.scene.Node.updateLocalToParentTransform()V @ 209
Event: 38.313 Thread 0x00007fe0a4107800 Uncommon trap: reason=class_check action=maybe_recompile pc=0x0000000117fa4ee4 method=javafx.scene.Node.updateLocalToParentTransform()V @ 209
Event: 38.347 Thread 0x00007fe0a4107800 Uncommon trap: reason=class_check action=maybe_recompile pc=0x00000001181e1298 method=javafx.scene.CssStyleHelper.createStyleHelper(Ljavafx/scene/Node;)Ljavafx/scene/CssStyleHelper; @ 151
Event: 38.353 Thread 0x00007fe0a4107800 Uncommon trap: reason=unstable_if action=reinterpret pc=0x0000000118053a58 method=javafx.scene.CssStyleHelper.lookup(Ljavafx/css/Styleable;Ljavafx/css/CssMetaData;Lcom/sun/javafx/css/StyleMap;Ljava/util/Set;Ljavafx/css/Styleable;Lcom/sun/javafx/css/Calcul

Classes redefined (0 events):
No events

Internal exceptions (10 events):
Event: 1.562 Thread 0x00007fe0a4107800 Exception <a 'java/io/FileNotFoundException'> (0x00000007971f2a48) thrown at [/Users/tester/jenkins/workspace/zulu8-build-macosx/zulu-src/hotspot/src/share/vm/prims/jni.cpp, line 711]
Event: 2.212 Thread 0x00007fe0a4107800 Exception <a 'java/io/FileNotFoundException'> (0x0000000795b06218) thrown at [/Users/tester/jenkins/workspace/zulu8-build-macosx/zulu-src/hotspot/src/share/vm/prims/jni.cpp, line 711]
Event: 2.220 Thread 0x00007fe0a4107800 Exception <a 'java/io/FileNotFoundException'> (0x0000000795b14388) thrown at [/Users/tester/jenkins/workspace/zulu8-build-macosx/zulu-src/hotspot/src/share/vm/prims/jni.cpp, line 711]
Event: 2.265 Thread 0x00007fe0a4107800 Exception <a 'java/io/FileNotFoundException'> (0x0000000795d2f230) thrown at [/Users/tester/jenkins/workspace/zulu8-build-macosx/zulu-src/hotspot/src/share/vm/prims/jni.cpp, line 711]
Event: 2.342 Thread 0x00007fe0a4107800 Implicit null exception at 0x000000011783e0b5 to 0x000000011783e2f1
Event: 5.917 Thread 0x00007fe0a4107800 Exception <a 'java/lang/ClassNotFoundException': java/lang/Module> (0x0000000796179140) thrown at [/Users/tester/jenkins/workspace/zulu8-build-macosx/zulu-src/hotspot/src/share/vm/classfile/systemDictionary.cpp, line 220]
Event: 6.446 Thread 0x00007fe0a4107800 Implicit null exception at 0x00000001177d5ff5 to 0x00000001177d63a9
Event: 7.527 Thread 0x00007fe0a4107800 Exception <a 'java/lang/NoSuchMethodError': java.lang.Object.lambda$comparing$77a9974f$1(Ljava/util/function/Function;Ljava/lang/Object;Ljava/lang/Object;)I> (0x00000007963930e0) thrown at [/Users/tester/jenkins/workspace/zulu8-build-macosx/zulu-src/hotsp
Event: 8.005 Thread 0x00007fe0a4107800 Exception <a 'java/lang/ClassNotFoundException': java/lang/Module> (0x0000000796c33b98) thrown at [/Users/tester/jenkins/workspace/zulu8-build-macosx/zulu-src/hotspot/src/share/vm/classfile/systemDictionary.cpp, line 220]
Event: 8.122 Thread 0x00007fe0a4107800 Exception <a 'java/lang/NoSuchMethodError': java.lang.Object.lambda$static$0(Lorg/hibernate/loader/plan/spi/LoadPlan;Lorg/hibernate/loader/plan/exec/spi/AliasResolutionContext;Lorg/hibernate/loader/plan/exec/process/spi/ReaderCollector;ZZ)Lorg/hibernate/l

Events (10 events):
Event: 47.103 Thread 0x00007fe0a3050800 flushing nmethod 0x00000001180fdf50
Event: 47.103 Thread 0x00007fe0a3050800 flushing nmethod 0x0000000118103790
Event: 47.138 Thread 0x00007fe0a2031800 flushing nmethod 0x0000000118154ad0
Event: 47.138 Thread 0x00007fe0a2031800 flushing nmethod 0x0000000118154e10
Event: 47.138 Thread 0x00007fe0a2031800 flushing nmethod 0x0000000118155150
Event: 47.138 Thread 0x00007fe0a2031800 flushing nmethod 0x0000000118155490
Event: 47.138 Thread 0x00007fe0a2031800 flushing nmethod 0x00000001181557d0
Event: 47.138 Thread 0x00007fe0a2031800 flushing nmethod 0x000000011815c550
Event: 47.139 Thread 0x00007fe0a2031800 flushing nmethod 0x00000001181ad3d0
Event: 47.176 Thread 0x00007fe0a3050800 flushing nmethod 0x000000011821df50


Dynamic libraries:
0x00007ff8308ff000 	/System/Library/Frameworks/Cocoa.framework/Versions/A/Cocoa
0x00007ff81c568000 	/System/Library/Frameworks/AppKit.framework/Versions/C/AppKit
0x00007ff81fa7b000 	/System/Library/Frameworks/CoreData.framework/Versions/A/CoreData
0x00007ff81a96c000 	/System/Library/Frameworks/Foundation.framework/Versions/C/Foundation
0x00007ff824894000 	/usr/lib/libSystem.B.dylib
0x00007ff81d3f7000 	/System/Library/PrivateFrameworks/UIFoundation.framework/Versions/A/UIFoundation
0x00007ff82a803000 	/System/Library/PrivateFrameworks/RemoteViewServices.framework/Versions/A/RemoteViewServices
0x00007ff822ae9000 	/System/Library/PrivateFrameworks/XCTTargetBootstrap.framework/Versions/A/XCTTargetBootstrap
0x00007ff82669b000 	/System/Library/PrivateFrameworks/InternationalSupport.framework/Versions/A/InternationalSupport
0x00007ff826725000 	/System/Library/PrivateFrameworks/UserActivity.framework/Versions/A/UserActivity
0x00007ff825a7b000 	/usr/lib/libspindump.dylib
0x00007ff81d685000 	/System/Library/Frameworks/UniformTypeIdentifiers.framework/Versions/A/UniformTypeIdentifiers
0x00007ff821211000 	/usr/lib/libapp_launch_measurement.dylib
0x00007ff82044c000 	/System/Library/PrivateFrameworks/CoreAnalytics.framework/Versions/A/CoreAnalytics
0x00007ff821214000 	/System/Library/PrivateFrameworks/CoreAutoLayout.framework/Versions/A/CoreAutoLayout
0x00007ff822443000 	/System/Library/Frameworks/Metal.framework/Versions/A/Metal
0x00007ff82316e000 	/usr/lib/liblangid.dylib
0x00007ff822aee000 	/System/Library/PrivateFrameworks/CoreSVG.framework/Versions/A/CoreSVG
0x00007ff81ea70000 	/System/Library/PrivateFrameworks/SkyLight.framework/Versions/A/SkyLight
0x00007ff81ee0e000 	/System/Library/Frameworks/CoreGraphics.framework/Versions/A/CoreGraphics
0x00007ff82aec3000 	/System/Library/Frameworks/Accelerate.framework/Versions/A/Accelerate
0x00007ff8254fa000 	/System/Library/PrivateFrameworks/IconServices.framework/Versions/A/IconServices
0x00007ff822428000 	/System/Library/Frameworks/IOSurface.framework/Versions/A/IOSurface
0x00007ff82047a000 	/usr/lib/libDiagnosticMessagesClient.dylib
0x00007ff8247b4000 	/usr/lib/libz.1.dylib
0x00007ff82e5a3000 	/System/Library/Frameworks/ApplicationServices.framework/Versions/A/ApplicationServices
0x00007ff822ad5000 	/System/Library/PrivateFrameworks/DFRFoundation.framework/Versions/A/DFRFoundation
0x00007ff81be50000 	/usr/lib/libicucore.A.dylib
0x00007ff827490000 	/System/Library/Frameworks/AudioToolbox.framework/Versions/A/AudioToolbox
0x00007ff8266a7000 	/System/Library/PrivateFrameworks/DataDetectorsCore.framework/Versions/A/DataDetectorsCore
0x00007ff922b8e000 	/System/Library/PrivateFrameworks/TextInput.framework/Versions/A/TextInput
0x00007ff81e9f3000 	/usr/lib/libMobileGestalt.dylib
0x00007ff8227e1000 	/System/Library/Frameworks/Carbon.framework/Versions/A/Frameworks/HIToolbox.framework/Versions/A/HIToolbox
0x00007ff820c17000 	/System/Library/Frameworks/QuartzCore.framework/Versions/A/QuartzCore
0x00007ff81baf5000 	/System/Library/Frameworks/Security.framework/Versions/A/Security
0x00007ff82a83b000 	/System/Library/Frameworks/Carbon.framework/Versions/A/Frameworks/SpeechRecognition.framework/Versions/A/SpeechRecognition
0x00007ff820f71000 	/System/Library/PrivateFrameworks/CoreUI.framework/Versions/A/CoreUI
0x00007ff81b3c0000 	/System/Library/Frameworks/CoreAudio.framework/Versions/A/CoreAudio
0x00007ff820569000 	/System/Library/Frameworks/DiskArbitration.framework/Versions/A/DiskArbitration
0x00007ff825e69000 	/System/Library/PrivateFrameworks/MultitouchSupport.framework/Versions/A/MultitouchSupport
0x00007ff81e9f2000 	/usr/lib/libenergytrace.dylib
0x00007ff81c454000 	/System/Library/Frameworks/IOKit.framework/Versions/A/IOKit
0x00007ff82ac2b000 	/System/Library/Frameworks/CoreServices.framework/Versions/A/CoreServices
0x00007ff8211ab000 	/System/Library/PrivateFrameworks/PerformanceAnalysis.framework/Versions/A/PerformanceAnalysis
0x00007ffa32873000 	/System/Library/Frameworks/OpenGL.framework/Versions/A/OpenGL
0x00007ff823dd0000 	/System/Library/PrivateFrameworks/MobileKeyBag.framework/Versions/A/MobileKeyBag
0x00007ff819930000 	/usr/lib/libobjc.A.dylib
0x00007ff81f4da000 	/System/Library/Frameworks/ColorSync.framework/Versions/A/ColorSync
0x00007ff819aea000 	/System/Library/Frameworks/CoreFoundation.framework/Versions/A/CoreFoundation
0x00007ff822d64000 	/System/Library/Frameworks/CoreImage.framework/Versions/A/CoreImage
0x00007ff81b1d4000 	/System/Library/Frameworks/CoreText.framework/Versions/A/CoreText
0x00007ff822b1e000 	/System/Library/Frameworks/ImageIO.framework/Versions/A/ImageIO
0x00007ff82489a000 	/System/Library/PrivateFrameworks/SoftLinking.framework/Versions/A/SoftLinking
0x00007ff82125c000 	/usr/lib/libxml2.2.dylib
0x00007ff8199f6000 	/usr/lib/libc++.1.dylib
0x00007ff824b1e000 	/usr/lib/libcompression.dylib
0x00007ff8265ce000 	/System/Library/PrivateFrameworks/TextureIO.framework/Versions/A/TextureIO
0x00007ff82520c000 	/usr/lib/libate.dylib
0x00007ff82488f000 	/usr/lib/system/libcache.dylib
0x00007ff82484b000 	/usr/lib/system/libcommonCrypto.dylib
0x00007ff824874000 	/usr/lib/system/libcompiler_rt.dylib
0x00007ff82486a000 	/usr/lib/system/libcopyfile.dylib
0x00007ff81982b000 	/usr/lib/system/libcorecrypto.dylib
0x00007ff8198e9000 	/usr/lib/system/libdispatch.dylib
0x00007ff819aa9000 	/usr/lib/system/libdyld.dylib
0x00007ff824886000 	/usr/lib/system/libkeymgr.dylib
0x00007ff824829000 	/usr/lib/system/libmacho.dylib
0x00007ff823eaa000 	/usr/lib/system/libquarantine.dylib
0x00007ff824884000 	/usr/lib/system/libremovefile.dylib
0x00007ff81ea40000 	/usr/lib/system/libsystem_asl.dylib
0x00007ff8197d4000 	/usr/lib/system/libsystem_blocks.dylib
0x00007ff81996d000 	/usr/lib/system/libsystem_c.dylib
0x00007ff82487c000 	/usr/lib/system/libsystem_collections.dylib
0x00007ff82315e000 	/usr/lib/system/libsystem_configuration.dylib
0x00007ff82240b000 	/usr/lib/system/libsystem_containermanager.dylib
0x00007ff824561000 	/usr/lib/system/libsystem_coreservices.dylib
0x00007ff81c0e4000 	/usr/lib/system/libsystem_darwin.dylib
0x00007ff824887000 	/usr/lib/system/libsystem_dnssd.dylib
0x00007ff81996a000 	/usr/lib/system/libsystem_featureflags.dylib
0x00007ff819abf000 	/usr/lib/system/libsystem_info.dylib
0x00007ff8247c7000 	/usr/lib/system/libsystem_m.dylib
0x00007ff8198bd000 	/usr/lib/system/libsystem_malloc.dylib
0x00007ff81e9db000 	/usr/lib/system/libsystem_networkextension.dylib
0x00007ff81c50a000 	/usr/lib/system/libsystem_notify.dylib
0x00007ff82ab00000 	/usr/lib/system/libsystem_product_info_filter.dylib
0x00007ff823162000 	/usr/lib/system/libsystem_sandbox.dylib
0x00007ff824881000 	/usr/lib/system/libsystem_secinit.dylib
0x00007ff819a65000 	/usr/lib/system/libsystem_kernel.dylib
0x00007ff819ab5000 	/usr/lib/system/libsystem_platform.dylib
0x00007ff819a9d000 	/usr/lib/system/libsystem_pthread.dylib
0x00007ff82028c000 	/usr/lib/system/libsystem_symptoms.dylib
0x00007ff819812000 	/usr/lib/system/libsystem_trace.dylib
0x00007ff824857000 	/usr/lib/system/libunwind.dylib
0x00007ff8197d6000 	/usr/lib/system/libxpc.dylib
0x00007ff819a4f000 	/usr/lib/libc++abi.dylib
0x00007ff824862000 	/usr/lib/liboah.dylib
0x00007ff824fe8000 	/usr/lib/liblzma.5.dylib
0x00007ff81a67b000 	/System/Library/Frameworks/SystemConfiguration.framework/Versions/A/SystemConfiguration
0x00007ff824896000 	/usr/lib/libfakelink.dylib
0x00007ff81e54c000 	/System/Library/Frameworks/CFNetwork.framework/Versions/A/CFNetwork
0x00007ff8249d7000 	/usr/lib/libarchive.2.dylib
0x00007ff82316a000 	/System/Library/PrivateFrameworks/AppleSystemInfo.framework/Versions/A/AppleSystemInfo
0x00007ff823ed1000 	/usr/lib/libbsm.0.dylib
0x00007ff81db5b000 	/usr/lib/libnetwork.dylib
0x00007ff82482f000 	/usr/lib/system/libkxld.dylib
0x00007ff823b04000 	/System/Library/PrivateFrameworks/IOMobileFramebuffer.framework/Versions/A/IOMobileFramebuffer
0x00007ffb31c47000 	/usr/lib/libCoreEntitlements.dylib
0x00007ff824543000 	/System/Library/PrivateFrameworks/AppleFSCompression.framework/Versions/A/AppleFSCompression
0x00007ff823eb9000 	/usr/lib/libcoretls.dylib
0x00007ff825002000 	/usr/lib/libcoretls_cfhelpers.dylib
0x00007ff824b19000 	/usr/lib/libpam.2.dylib
0x00007ff81feac000 	/usr/lib/libsqlite3.dylib
0x00007ff825071000 	/usr/lib/libxar.1.dylib
0x00007ff824553000 	/usr/lib/libbz2.1.0.dylib
0x00007ff82489b000 	/usr/lib/libpcap.A.dylib
0x00007ff820284000 	/usr/lib/libdns_services.dylib
0x00007ff824ae9000 	/usr/lib/libapple_nghttp2.dylib
0x00007ff8248d5000 	/usr/lib/libiconv.2.dylib
0x00007ff824828000 	/usr/lib/libcharset.1.dylib
0x00007ff8211df000 	/System/Library/Frameworks/CoreServices.framework/Versions/A/Frameworks/FSEvents.framework/Versions/A/FSEvents
0x00007ff81c0ee000 	/System/Library/Frameworks/CoreServices.framework/Versions/A/Frameworks/CarbonCore.framework/Versions/A/CarbonCore
0x00007ff8204cd000 	/System/Library/Frameworks/CoreServices.framework/Versions/A/Frameworks/Metadata.framework/Versions/A/Metadata
0x00007ff824566000 	/System/Library/Frameworks/CoreServices.framework/Versions/A/Frameworks/OSServices.framework/Versions/A/OSServices
0x00007ff824a5e000 	/System/Library/Frameworks/CoreServices.framework/Versions/A/Frameworks/SearchKit.framework/Versions/A/SearchKit
0x00007ff820217000 	/System/Library/Frameworks/CoreServices.framework/Versions/A/Frameworks/AE.framework/Versions/A/AE
0x00007ff819fed000 	/System/Library/Frameworks/CoreServices.framework/Versions/A/Frameworks/LaunchServices.framework/Versions/A/LaunchServices
0x00007ff824f99000 	/System/Library/Frameworks/CoreServices.framework/Versions/A/Frameworks/DictionaryServices.framework/Versions/A/DictionaryServices
0x00007ff8211ec000 	/System/Library/Frameworks/CoreServices.framework/Versions/A/Frameworks/SharedFileList.framework/Versions/A/SharedFileList
0x00007ff823ead000 	/usr/lib/libCheckFix.dylib
0x00007ff81ea57000 	/System/Library/PrivateFrameworks/TCC.framework/Versions/A/TCC
0x00007ff823170000 	/System/Library/PrivateFrameworks/CoreNLP.framework/Versions/A/CoreNLP
0x00007ff82047d000 	/System/Library/PrivateFrameworks/MetadataUtilities.framework/Versions/A/MetadataUtilities
0x00007ff81a72f000 	/usr/lib/libmecabra.dylib
0x00007ff823ee1000 	/usr/lib/libmecab.dylib
0x00007ff81a6fa000 	/usr/lib/libCRFSuite.dylib
0x00007ff823f3b000 	/usr/lib/libgermantok.dylib
0x00007ff824ac4000 	/usr/lib/libThaiTokenizer.dylib
0x00007ff820570000 	/System/Library/Frameworks/Accelerate.framework/Versions/A/Frameworks/vImage.framework/Versions/A/vImage
0x00007ff82ac02000 	/System/Library/Frameworks/Accelerate.framework/Versions/A/Frameworks/vecLib.framework/Versions/A/vecLib
0x00007ff8250b2000 	/System/Library/Frameworks/Accelerate.framework/Versions/A/Frameworks/vecLib.framework/Versions/A/libvMisc.dylib
0x00007ff82392f000 	/System/Library/Frameworks/Accelerate.framework/Versions/A/Frameworks/vecLib.framework/Versions/A/libvDSP.dylib
0x00007ff81a36b000 	/System/Library/Frameworks/Accelerate.framework/Versions/A/Frameworks/vecLib.framework/Versions/A/libBLAS.dylib
0x00007ff824bfb000 	/System/Library/Frameworks/Accelerate.framework/Versions/A/Frameworks/vecLib.framework/Versions/A/libLAPACK.dylib
0x00007ff823f3e000 	/System/Library/Frameworks/Accelerate.framework/Versions/A/Frameworks/vecLib.framework/Versions/A/libLinearAlgebra.dylib
0x00007ff824b01000 	/System/Library/Frameworks/Accelerate.framework/Versions/A/Frameworks/vecLib.framework/Versions/A/libSparseBLAS.dylib
0x00007ff824bf5000 	/System/Library/Frameworks/Accelerate.framework/Versions/A/Frameworks/vecLib.framework/Versions/A/libQuadrature.dylib
0x00007ff82325b000 	/System/Library/Frameworks/Accelerate.framework/Versions/A/Frameworks/vecLib.framework/Versions/A/libBNNS.dylib
0x00007ff81a605000 	/System/Library/Frameworks/Accelerate.framework/Versions/A/Frameworks/vecLib.framework/Versions/A/libSparse.dylib
0x00007ff823254000 	/System/Library/PrivateFrameworks/LinguisticData.framework/Versions/A/LinguisticData
0x00007ff81a5bb000 	/System/Library/PrivateFrameworks/Lexicon.framework/Versions/A/Lexicon
0x00007ff8250ab000 	/usr/lib/libChineseTokenizer.dylib
0x00007ff81ad29000 	/System/Library/PrivateFrameworks/LanguageModeling.framework/Versions/A/LanguageModeling
0x00007ff824ac6000 	/System/Library/PrivateFrameworks/AppleSauce.framework/Versions/A/AppleSauce
0x00007ff823af2000 	/System/Library/PrivateFrameworks/CoreEmoji.framework/Versions/A/CoreEmoji
0x00007ff8249c6000 	/usr/lib/libcmph.dylib
0x00007ff8211c3000 	/System/Library/Frameworks/OpenDirectory.framework/Versions/A/Frameworks/CFOpenDirectory.framework/Versions/A/CFOpenDirectory
0x00007ff8211b7000 	/System/Library/Frameworks/OpenDirectory.framework/Versions/A/OpenDirectory
0x00007ff825004000 	/System/Library/PrivateFrameworks/APFS.framework/Versions/A/APFS
0x00007ff823e08000 	/System/Library/Frameworks/SecurityFoundation.framework/Versions/A/SecurityFoundation
0x00007ff82507f000 	/usr/lib/libutil.dylib
0x00007ff81c418000 	/System/Library/PrivateFrameworks/CoreServicesStore.framework/Versions/A/CoreServicesStore
0x00007ff825083000 	/usr/lib/libxslt.1.dylib
0x00007ff823e95000 	/System/Library/PrivateFrameworks/BackgroundTaskManagement.framework/Versions/A/BackgroundTaskManagement
0x00007ff8264ee000 	/System/Library/Frameworks/ImageIO.framework/Versions/A/Resources/libRadiance.dylib
0x00007ff8264f7000 	/System/Library/Frameworks/ImageIO.framework/Versions/A/Resources/libJPEG.dylib
0x00007ff826448000 	/System/Library/Frameworks/ImageIO.framework/Versions/A/Resources/libPng.dylib
0x00007ff826469000 	/System/Library/Frameworks/ImageIO.framework/Versions/A/Resources/libTIFF.dylib
0x00007ff826557000 	/System/Library/Frameworks/ImageIO.framework/Versions/A/Resources/libGIF.dylib
0x00007ff825d83000 	/System/Library/Frameworks/ImageIO.framework/Versions/A/Resources/libJP2.dylib
0x00007ff8254c1000 	/usr/lib/libexpat.1.dylib
0x00007ff825d38000 	/System/Library/PrivateFrameworks/AppleJPEG.framework/Versions/A/AppleJPEG
0x00007ff8226a5000 	/System/Library/PrivateFrameworks/FontServices.framework/libFontParser.dylib
0x00007ff8201c1000 	/System/Library/PrivateFrameworks/RunningBoardServices.framework/Versions/A/RunningBoardServices
0x00007ff830eba000 	/System/Library/PrivateFrameworks/IOSurfaceAccelerator.framework/Versions/A/IOSurfaceAccelerator
0x00007ff825e65000 	/System/Library/PrivateFrameworks/WatchdogClient.framework/Versions/A/WatchdogClient
0x00007ff81ae17000 	/System/Library/Frameworks/CoreDisplay.framework/Versions/A/CoreDisplay
0x00007ff8225a3000 	/System/Library/Frameworks/CoreMedia.framework/Versions/A/CoreMedia
0x00007ff82243a000 	/System/Library/PrivateFrameworks/IOAccelerator.framework/Versions/A/IOAccelerator
0x00007ff821340000 	/System/Library/Frameworks/CoreVideo.framework/Versions/A/CoreVideo
0x00007ff824b17000 	/System/Library/Frameworks/MetalPerformanceShaders.framework/Versions/A/MetalPerformanceShaders
0x00007ff825ea2000 	/System/Library/Frameworks/VideoToolbox.framework/Versions/A/VideoToolbox
0x00007ff82010b000 	/System/Library/PrivateFrameworks/BaseBoard.framework/Versions/A/BaseBoard
0x00007ff81fe92000 	/System/Library/PrivateFrameworks/ProtocolBuffer.framework/Versions/A/ProtocolBuffer
0x00007ff8264e7000 	/System/Library/PrivateFrameworks/GPUWrangler.framework/Versions/A/GPUWrangler
0x00007ff8264cb000 	/System/Library/PrivateFrameworks/IOPresentment.framework/Versions/A/IOPresentment
0x00007ff8264f1000 	/System/Library/PrivateFrameworks/DSExternalDisplay.framework/Versions/A/DSExternalDisplay
0x00007ffa32867000 	/System/Library/Frameworks/OpenGL.framework/Versions/A/Libraries/libCoreFSCache.dylib
0x00007ffb1f36b000 	/System/Library/PrivateFrameworks/GPUCompiler.framework/Versions/31001/Libraries/libGPUCompilerUtils.dylib
0x00007ff82655c000 	/System/Library/PrivateFrameworks/CMCaptureCore.framework/Versions/A/CMCaptureCore
0x00007ff825a69000 	/System/Library/PrivateFrameworks/AppServerSupport.framework/Versions/A/AppServerSupport
0x00007ff827d28000 	/System/Library/PrivateFrameworks/perfdata.framework/Versions/A/perfdata
0x00007ff81af43000 	/System/Library/PrivateFrameworks/AudioToolboxCore.framework/Versions/A/AudioToolboxCore
0x00007ff822581000 	/System/Library/PrivateFrameworks/caulk.framework/Versions/A/caulk
0x00007ff82763a000 	/usr/lib/libAudioStatistics.dylib
0x00007ff91f331000 	/System/Library/PrivateFrameworks/SystemPolicy.framework/Versions/A/SystemPolicy
0x00007ff827895000 	/usr/lib/libSMC.dylib
0x00007ff8307b2000 	/System/Library/Frameworks/CoreMIDI.framework/Versions/A/CoreMIDI
0x00007ff826417000 	/usr/lib/libAudioToolboxUtility.dylib
0x00007ff91b566000 	/System/Library/PrivateFrameworks/OSAServicesClient.framework/Versions/A/OSAServicesClient
0x00007ff827d35000 	/usr/lib/libperfcheck.dylib
0x00007ff91fddb000 	/usr/lib/libmis.dylib
0x00007ffa328c2000 	/System/Library/Frameworks/OpenGL.framework/Versions/A/Libraries/libGLU.dylib
0x00007ffa32886000 	/System/Library/Frameworks/OpenGL.framework/Versions/A/Libraries/libGFXShared.dylib
0x00007ffa32a8f000 	/System/Library/Frameworks/OpenGL.framework/Versions/A/Libraries/libGL.dylib
0x00007ffa3288f000 	/System/Library/Frameworks/OpenGL.framework/Versions/A/Libraries/libGLImage.dylib
0x00007ffa32883000 	/System/Library/Frameworks/OpenGL.framework/Versions/A/Libraries/libCVMSPluginSupport.dylib
0x00007ffa3286e000 	/System/Library/Frameworks/OpenGL.framework/Versions/A/Libraries/libCoreVMClient.dylib
0x00007ff8230ec000 	/System/Library/Frameworks/MetalPerformanceShaders.framework/Versions/A/Frameworks/MPSCore.framework/Versions/A/MPSCore
0x00007ff8244ae000 	/System/Library/Frameworks/MetalPerformanceShaders.framework/Versions/A/Frameworks/MPSImage.framework/Versions/A/MPSImage
0x00007ff823f54000 	/System/Library/Frameworks/MetalPerformanceShaders.framework/Versions/A/Frameworks/MPSNeuralNetwork.framework/Versions/A/MPSNeuralNetwork
0x00007ff8243c8000 	/System/Library/Frameworks/MetalPerformanceShaders.framework/Versions/A/Frameworks/MPSMatrix.framework/Versions/A/MPSMatrix
0x00007ff824183000 	/System/Library/Frameworks/MetalPerformanceShaders.framework/Versions/A/Frameworks/MPSRayIntersector.framework/Versions/A/MPSRayIntersector
0x00007ff824400000 	/System/Library/Frameworks/MetalPerformanceShaders.framework/Versions/A/Frameworks/MPSNDArray.framework/Versions/A/MPSNDArray
0x00007ffa37a89000 	/System/Library/Frameworks/MetalPerformanceShaders.framework/Versions/A/Frameworks/MPSFunctions.framework/Versions/A/MPSFunctions
0x00007ff81a244000 	/System/Library/PrivateFrameworks/MetalTools.framework/Versions/A/MetalTools
0x00007ff823168000 	/System/Library/PrivateFrameworks/AggregateDictionary.framework/Versions/A/AggregateDictionary
0x00007ff8252a3000 	/usr/lib/libIOReport.dylib
0x00007ffa33e9e000 	/System/Library/Frameworks/OpenCL.framework/Versions/A/OpenCL
0x00007ff825607000 	/System/Library/PrivateFrameworks/FaceCore.framework/Versions/A/FaceCore
0x00007ff8255f8000 	/System/Library/PrivateFrameworks/GraphVisualizer.framework/Versions/A/GraphVisualizer
0x00007ffb1f276000 	/System/Library/PrivateFrameworks/FontServices.framework/Versions/A/FontServices
0x00007ff825a21000 	/System/Library/PrivateFrameworks/OTSVG.framework/Versions/A/OTSVG
0x00007ff820f27000 	/System/Library/Frameworks/ApplicationServices.framework/Versions/A/Frameworks/ATS.framework/Versions/A/Resources/libFontRegistry.dylib
0x00007ff825a71000 	/System/Library/PrivateFrameworks/FontServices.framework/libhvf.dylib
0x00007ffb1f277000 	/System/Library/PrivateFrameworks/FontServices.framework/libXTFontStaticRegistryData.dylib
0x00007ff825471000 	/System/Library/PrivateFrameworks/AppleVA.framework/Versions/A/AppleVA
0x00007ff82765a000 	/System/Library/Frameworks/ApplicationServices.framework/Versions/A/Frameworks/ATS.framework/Versions/A/ATS
0x00007ff81f5d8000 	/System/Library/Frameworks/ApplicationServices.framework/Versions/A/Frameworks/HIServices.framework/Versions/A/HIServices
0x00007ff826566000 	/System/Library/Frameworks/ApplicationServices.framework/Versions/A/Frameworks/PrintCore.framework/Versions/A/PrintCore
0x00007ff8279e8000 	/System/Library/Frameworks/ApplicationServices.framework/Versions/A/Frameworks/QD.framework/Versions/A/QD
0x00007ff8279e0000 	/System/Library/Frameworks/ApplicationServices.framework/Versions/A/Frameworks/ColorSyncLegacy.framework/Versions/A/ColorSyncLegacy
0x00007ff82764a000 	/System/Library/Frameworks/ApplicationServices.framework/Versions/A/Frameworks/SpeechSynthesis.framework/Versions/A/SpeechSynthesis
0x00007ff826527000 	/System/Library/Frameworks/ApplicationServices.framework/Versions/A/Frameworks/ATSUI.framework/Versions/A/ATSUI
0x00007ff827975000 	/usr/lib/libcups.2.dylib
0x00007ff827d44000 	/System/Library/Frameworks/Kerberos.framework/Versions/A/Kerberos
0x00007ff827d53000 	/System/Library/Frameworks/GSS.framework/Versions/A/GSS
0x00007ff8276c6000 	/usr/lib/libresolv.9.dylib
0x00007ff825a80000 	/System/Library/PrivateFrameworks/Heimdal.framework/Versions/A/Heimdal
0x00007ff82e935000 	/System/Library/Frameworks/Kerberos.framework/Versions/A/Libraries/libHeimdalProxy.dylib
0x00007ff820294000 	/System/Library/Frameworks/Network.framework/Versions/A/Network
0x00007ff8254db000 	/usr/lib/libheimdal-asn1.dylib
0x00007ff827d9e000 	/System/Library/PrivateFrameworks/CommonAuth.framework/Versions/A/CommonAuth
0x00007ff8275cc000 	/System/Library/PrivateFrameworks/AudioSession.framework/Versions/A/AudioSession
0x00007ff82556b000 	/System/Library/PrivateFrameworks/MediaExperience.framework/Versions/A/MediaExperience
0x00007ff82745f000 	/System/Library/PrivateFrameworks/AudioSession.framework/libSessionUtility.dylib
0x00007ff8279f4000 	/System/Library/PrivateFrameworks/AudioResourceArbitration.framework/Versions/A/AudioResourceArbitration
0x00007ff82ba75000 	/System/Library/PrivateFrameworks/PowerLog.framework/Versions/A/PowerLog
0x00007ff8254e4000 	/System/Library/PrivateFrameworks/IconFoundation.framework/Versions/A/IconFoundation
0x00007ff82a82b000 	/System/Library/PrivateFrameworks/SpeechRecognitionCore.framework/Versions/A/SpeechRecognitionCore
0x000000010adff000 	/Library/Java/JavaVirtualMachines/zulu-8.jdk/Contents/Home/jre/lib/server/libjvm.dylib
0x000000010a00f000 	/Library/Java/JavaVirtualMachines/zulu-8.jdk/Contents/Home/jre/lib/libverify.dylib
0x000000010a063000 	/Library/Java/JavaVirtualMachines/zulu-8.jdk/Contents/Home/jre/lib/libjava.dylib
0x000000010a0a6000 	/Library/Java/JavaVirtualMachines/zulu-8.jdk/Contents/Home/jre/lib/libinstrument.dylib
0x000000010a0da000 	/Library/Java/JavaVirtualMachines/zulu-8.jdk/Contents/Home/jre/lib/libzip.dylib
0x0000000112700000 	/Library/Java/JavaVirtualMachines/zulu-8.jdk/Contents/Home/jre/lib/libnio.dylib
0x0000000112738000 	/Library/Java/JavaVirtualMachines/zulu-8.jdk/Contents/Home/jre/lib/libnet.dylib
0x00000001127ef000 	/Library/Java/JavaVirtualMachines/zulu-8.jdk/Contents/Home/jre/lib/libprism_es2.dylib
0x00007ff81c3da000 	/System/Library/PrivateFrameworks/CoreServicesInternal.framework/Versions/A/CoreServicesInternal
0x00007ffa32a9a000 	/System/Library/Frameworks/OpenGL.framework/Versions/A/Resources/GLEngine.bundle/GLEngine
0x00007ffa32900000 	/System/Library/Frameworks/OpenGL.framework/Versions/A/Libraries/libGLProgrammability.dylib
0x00007ffa2a378000 	/System/Library/Extensions/AppleIntelSKLGraphicsGLDriver.bundle/Contents/MacOS/AppleIntelSKLGraphicsGLDriver
0x00007ff929f60000 	/System/Library/PrivateFrameworks/GPUSupport.framework/Versions/A/Libraries/libGPUSupportMercury.dylib
0x00007ffa32c24000 	/System/Library/Frameworks/OpenGL.framework/Versions/A/Resources/GLRendererFloat.bundle/GLRendererFloat
0x000000011331d000 	/Library/Java/JavaVirtualMachines/zulu-8.jdk/Contents/Home/jre/lib/libglass.dylib
0x00007ff82c066000 	/System/Library/Frameworks/FileProvider.framework/Versions/A/FileProvider
0x00007ff820078000 	/System/Library/Frameworks/Accounts.framework/Versions/A/Accounts
0x00007ff82c1df000 	/System/Library/PrivateFrameworks/GenerationalStorage.framework/Versions/A/GenerationalStorage
0x00007ff82ccef000 	/System/Library/PrivateFrameworks/CoreSymbolication.framework/Versions/A/CoreSymbolication
0x00007ff82ba6a000 	/System/Library/PrivateFrameworks/SymptomDiagnosticReporter.framework/Versions/A/SymptomDiagnosticReporter
0x00007ff81d699000 	/System/Library/PrivateFrameworks/DesktopServicesPriv.framework/Versions/A/DesktopServicesPriv
0x00007ff81c519000 	/usr/lib/libsandbox.1.dylib
0x00007ff8213bf000 	/System/Library/PrivateFrameworks/UserManagement.framework/Versions/A/UserManagement
0x00007ff82ccb4000 	/System/Library/PrivateFrameworks/DebugSymbols.framework/Versions/A/DebugSymbols
0x00007ff8279d5000 	/System/Library/PrivateFrameworks/NetAuth.framework/Versions/A/NetAuth
0x00007ff8288e4000 	/System/Library/PrivateFrameworks/Sharing.framework/Versions/A/Sharing
0x00007ff821392000 	/System/Library/PrivateFrameworks/login.framework/Versions/A/Frameworks/loginsupport.framework/Versions/A/loginsupport
0x00007ff82de52000 	/System/Library/PrivateFrameworks/Apple80211.framework/Versions/A/Apple80211
0x00007ff824593000 	/System/Library/PrivateFrameworks/AuthKit.framework/Versions/A/AuthKit
0x00007ff823be8000 	/System/Library/PrivateFrameworks/CoreUtils.framework/Versions/A/CoreUtils
0x00007ff823b0f000 	/System/Library/Frameworks/CoreWLAN.framework/Versions/A/CoreWLAN
0x00007ff828a43000 	/System/Library/Frameworks/IOBluetooth.framework/Versions/A/IOBluetooth
0x00007ff82deba000 	/System/Library/PrivateFrameworks/CoreWiFi.framework/Versions/A/CoreWiFi
0x00007ff82c889000 	/System/Library/PrivateFrameworks/FrontBoardServices.framework/Versions/A/FrontBoardServices
0x00007ff82c91a000 	/System/Library/PrivateFrameworks/BoardServices.framework/Versions/A/BoardServices
0x00007ff823df7000 	/System/Library/PrivateFrameworks/AssertionServices.framework/Versions/A/AssertionServices
0x00007ff82e03d000 	/System/Library/PrivateFrameworks/BackBoardServices.framework/Versions/A/BackBoardServices
0x00007ff827e2f000 	/System/Library/PrivateFrameworks/CorePhoneNumbers.framework/Versions/A/CorePhoneNumbers
0x00007ff8276f3000 	/System/Library/PrivateFrameworks/MultiverseSupport.framework/Versions/A/MultiverseSupport
0x00007ff82e2b0000 	/System/Library/PrivateFrameworks/RemoteServiceDiscovery.framework/Versions/A/RemoteServiceDiscovery
0x00007ff82bb87000 	/System/Library/PrivateFrameworks/DiskManagement.framework/Versions/A/DiskManagement
0x00007ff82ba9b000 	/System/Library/PrivateFrameworks/AppleIDAuthSupport.framework/Versions/A/AppleIDAuthSupport
0x00007ffb19c0d000 	/System/Library/PrivateFrameworks/AAAFoundation.framework/Versions/A/AAAFoundation
0x00007ff827e10000 	/System/Library/PrivateFrameworks/KeychainCircle.framework/Versions/A/KeychainCircle
0x00007ff82e2c0000 	/System/Library/PrivateFrameworks/RemoteXPC.framework/Versions/A/RemoteXPC
0x00007ff82bb53000 	/System/Library/PrivateFrameworks/MediaKit.framework/Versions/A/MediaKit
0x00007ff82baa7000 	/System/Library/Frameworks/DiscRecording.framework/Versions/A/DiscRecording
0x00007ff8253e9000 	/usr/lib/libCoreStorage.dylib
0x00007ff82e32b000 	/usr/lib/libcsfde.dylib
0x00007ff828b10000 	/System/Library/PrivateFrameworks/ProtectedCloudStorage.framework/Versions/A/ProtectedCloudStorage
0x00007ff82e327000 	/System/Library/PrivateFrameworks/EFILogin.framework/Versions/A/EFILogin
0x00007ff82c205000 	/System/Library/PrivateFrameworks/OctagonTrust.framework/Versions/A/OctagonTrust
0x00007ffb1e4d9000 	/System/Library/PrivateFrameworks/CoreUtilsExtras.framework/Versions/A/CoreUtilsExtras
0x00007ff82b9ce000 	/System/Library/Frameworks/CoreBluetooth.framework/Versions/A/CoreBluetooth
0x00007ff82e9ba000 	/System/Library/Frameworks/AudioUnit.framework/Versions/A/AudioUnit
0x00007ff8253e1000 	/usr/lib/libMatch.1.dylib
0x00007ff9243ed000 	/System/Library/Frameworks/Accelerate.framework/Versions/A/Frameworks/vImage.framework/Versions/A/Libraries/libCGInterfaces.dylib
0x00000001147f0000 	/usr/lib/libobjc-trampolines.dylib
0x00007ff8210b7000 	/System/Library/PrivateFrameworks/ViewBridge.framework/Versions/A/ViewBridge
0x00007ff825b37000 	/System/Library/PrivateFrameworks/login.framework/Versions/A/login
0x0000000116fa5000 	/Library/Java/JavaVirtualMachines/zulu-8.jdk/Contents/Home/jre/lib/libjavafx_font.dylib
0x00007ffb31d36000 	/usr/lib/libRosetta.dylib
0x000000012963b000 	/Library/Java/JavaVirtualMachines/zulu-8.jdk/Contents/Home/jre/lib/libprism_common.dylib
0x000000012cf1b000 	/Library/Java/JavaVirtualMachines/zulu-8.jdk/Contents/Home/jre/lib/libsunec.dylib
0x00007ff82af47000 	/System/Library/PrivateFrameworks/SystemAdministration.framework/Versions/A/SystemAdministration
0x00007ff826790000 	/System/Library/Frameworks/MediaToolbox.framework/Versions/A/MediaToolbox
0x00007ff82a7f7000 	/System/Library/Frameworks/DirectoryService.framework/Versions/A/DirectoryService
0x00007ff82e1c9000 	/System/Library/PrivateFrameworks/DiskImages.framework/Versions/A/DiskImages
0x00007ff823e9f000 	/System/Library/Frameworks/ServiceManagement.framework/Versions/A/ServiceManagement
0x00007ff82e3a5000 	/System/Library/PrivateFrameworks/LoginUIKit.framework/Versions/A/Frameworks/LoginUICore.framework/Versions/A/LoginUICore
0x00007ff825ce0000 	/usr/lib/libodfde.dylib
0x00007ff82c036000 	/System/Library/PrivateFrameworks/CoreAVCHD.framework/Versions/A/CoreAVCHD
0x00007ff82af0b000 	/System/Library/Frameworks/MediaAccessibility.framework/Versions/A/MediaAccessibility
0x00007ff82c032000 	/System/Library/PrivateFrameworks/Mangrove.framework/Versions/A/Mangrove
0x00007ff82af16000 	/System/Library/PrivateFrameworks/AlgosScoreFramework.framework/Versions/A/AlgosScoreFramework
0x00007ffb1b7cd000 	/System/Library/PrivateFrameworks/CMPhoto.framework/Versions/A/CMPhoto
0x00007ff82cb8a000 	/System/Library/PrivateFrameworks/AppleVPA.framework/Versions/A/AppleVPA
0x00007ff82bc77000 	/System/Library/PrivateFrameworks/CoreAUC.framework/Versions/A/CoreAUC
0x00007ff82e337000 	/usr/lib/libcurl.4.dylib
0x00007ffb321a2000 	/usr/lib/libcrypto.46.dylib
0x00007ffb32697000 	/usr/lib/libssl.48.dylib
0x00007ff82e05b000 	/System/Library/Frameworks/LDAP.framework/Versions/A/LDAP
0x00007ff82e093000 	/System/Library/PrivateFrameworks/TrustEvaluationAgent.framework/Versions/A/TrustEvaluationAgent
0x00007ff8276df000 	/usr/lib/libsasl2.2.dylib
0x00007ff82af3b000 	/System/Library/PrivateFrameworks/CoreDaemon.framework/Versions/B/CoreDaemon
0x00007ff82af36000 	/System/Library/PrivateFrameworks/AppleSRP.framework/Versions/A/AppleSRP

VM Arguments:
jvm_args: -javaagent:/Applications/IntelliJ IDEA.app/Contents/lib/idea_rt.jar=55671:/Applications/IntelliJ IDEA.app/Contents/bin -Dfile.encoding=UTF-8 
java_command: AppInitializer
java_class_path (initial): /Library/Java/JavaVirtualMachines/zulu-8.jdk/Contents/Home/jre/lib/charsets.jar:/Library/Java/JavaVirtualMachines/zulu-8.jdk/Contents/Home/jre/lib/crs-agent.jar:/Library/Java/JavaVirtualMachines/zulu-8.jdk/Contents/Home/jre/lib/ext/cldrdata.jar:/Library/Java/JavaVirtualMachines/zulu-8.jdk/Contents/Home/jre/lib/ext/dnsns.jar:/Library/Java/JavaVirtualMachines/zulu-8.jdk/Contents/Home/jre/lib/ext/jaccess.jar:/Library/Java/JavaVirtualMachines/zulu-8.jdk/Contents/Home/jre/lib/ext/jfxrt.jar:/Library/Java/JavaVirtualMachines/zulu-8.jdk/Contents/Home/jre/lib/ext/legacy8ujsse.jar:/Library/Java/JavaVirtualMachines/zulu-8.jdk/Contents/Home/jre/lib/ext/localedata.jar:/Library/Java/JavaVirtualMachines/zulu-8.jdk/Contents/Home/jre/lib/ext/nashorn.jar:/Library/Java/JavaVirtualMachines/zulu-8.jdk/Contents/Home/jre/lib/ext/openjsse.jar:/Library/Java/JavaVirtualMachines/zulu-8.jdk/Contents/Home/jre/lib/ext/sunec.jar:/Library/Java/JavaVirtualMachines/zulu-8.jdk/Contents/Home/jre/lib/ext/sunjce_provider.jar:/Library/Java/JavaVirtualMachines/zulu-8.jdk/Contents/Home/jre/lib/ext/sunpkcs11.jar:/Library/Java/JavaVirtualMachines/zulu-8.jdk/Contents/Home/jre/lib/ext/zipfs.jar:/Library/Java/JavaVirtualMachines/zulu-8.jdk/Contents/Home/jre/lib/jce.jar:/Library/Java/JavaVirtualMachines/zulu-8.jdk/Contents/Home/jre/lib/jfr.jar:/Library/Java/JavaVirtualMachines/zulu-8.jdk/Contents/Home/jre/lib/jfxswt.jar:/Library/Java/JavaVirtualMachines/zulu-8.jdk/Contents/Home/jre/lib/jsse.jar:/Library/Java/JavaVirtualMachines/zulu-8.jdk/Contents/Home/jre/lib/management-agent.jar:/Library/Java/JavaVirtualMachines/zulu-8.jdk/Contents/Home/jre/lib/resources.jar:/Library/Java/JavaVirtualMachines/zulu-8.jdk/Contents/Home/jre/lib/rt.jar:/Library/Java/JavaVirtualMachines/zulu-8.jdk/Contents/Home/lib/ant-javafx.jar:/Library/Java/JavaVirtualMachines/zulu-8.jdk/Contents/Home/lib/dt.jar:/Library/Java/JavaVirtualMachines/zulu-8.jdk/Contents/Home/lib/javafx-mx.jar:/Library/Java/JavaVirtualMachi
Launcher Type: SUN_STANDARD

Environment Variables:
PATH=/usr/bin:/bin:/usr/sbin:/sbin
SHELL=/bin/zsh

Signal Handlers:
SIGSEGV: [libjvm.dylib+0x5b2935], sa_mask[0]=11111111011111110111111111111111, sa_flags=SA_ONSTACK|SA_RESTART|SA_SIGINFO
SIGBUS: [libjvm.dylib+0x5b2935], sa_mask[0]=11111111011111110111111111111111, sa_flags=SA_RESTART|SA_SIGINFO
SIGFPE: [libjvm.dylib+0x4a1701], sa_mask[0]=11111111011111110111111111111111, sa_flags=SA_RESTART|SA_SIGINFO
SIGPIPE: [libjvm.dylib+0x4a1701], sa_mask[0]=11111111011111110111111111111111, sa_flags=SA_RESTART|SA_SIGINFO
SIGXFSZ: [libjvm.dylib+0x4a1701], sa_mask[0]=11111111011111110111111111111111, sa_flags=SA_RESTART|SA_SIGINFO
SIGILL: [libjvm.dylib+0x4a1701], sa_mask[0]=11111111011111110111111111111111, sa_flags=SA_RESTART|SA_SIGINFO
SIGUSR1: SIG_DFL, sa_mask[0]=00000000000000000000000000000000, sa_flags=none
SIGUSR2: [libjvm.dylib+0x4a1ff0], sa_mask[0]=00100000000000000000000000000000, sa_flags=SA_RESTART|SA_SIGINFO
SIGHUP: [libjvm.dylib+0x4a013f], sa_mask[0]=11111111011111110111111111111111, sa_flags=SA_RESTART|SA_SIGINFO
SIGINT: [libjvm.dylib+0x4a013f], sa_mask[0]=11111111011111110111111111111111, sa_flags=SA_RESTART|SA_SIGINFO
SIGTERM: [libjvm.dylib+0x4a013f], sa_mask[0]=11111111011111110111111111111111, sa_flags=SA_RESTART|SA_SIGINFO
SIGQUIT: [libjvm.dylib+0x4a013f], sa_mask[0]=11111111011111110111111111111111, sa_flags=SA_RESTART|SA_SIGINFO


---------------  S Y S T E M  ---------------

OS:Bsduname:Darwin 21.5.0 Darwin Kernel Version 21.5.0: Tue Apr 26 21:08:22 PDT 2022; root:xnu-8020.121.3~4/RELEASE_X86_64 x86_64
rlimit: STACK 8192k, CORE 0k, NPROC 1392, NOFILE 10240, AS infinity
load average:5.49 5.03 4.35

CPU:total 4 (initial active 4) (2 cores per cpu, 2 threads per core) family 6 model 78 stepping 3, cmov, cx8, fxsr, mmx, sse, sse2, sse3, ssse3, sse4.1, sse4.2, popcnt, avx, avx2, aes, clmul, erms, 3dnowpref, lzcnt, ht, tsc, tscinvbit, bmi1, bmi2, adx

Memory: 4k page, physical 8388608k(147372k free)

/proc/meminfo:


vm_info: OpenJDK 64-Bit Server VM (25.312-b07) for bsd-amd64 JRE (Zulu 8.58.0.13-CA-macosx) (1.8.0_312-b07), built on Oct 11 2021 08:36:41 by "zulu_re" with gcc 4.2.1 Compatible Apple LLVM 11.0.0 (clang-1100.0.33.17)

time: Tue Jun 28 12:11:17 2022
timezone: +0530
elapsed time: 47.908784 seconds (0d 0h 0m 47s)

