#
# A fatal error has been detected by the Java Runtime Environment:
#
#  INVALID (0xe0000000) at pc=0x0000000000000000, pid=9504, tid=0x0000000000009d03
#  fatal error: Illegal threadstate encountered: 4
#
# JRE version: OpenJDK Runtime Environment (Zulu 8.58.0.13-CA-macosx) (8.0_312-b07) (build 1.8.0_312-b07)
# Java VM: OpenJDK 64-Bit Server VM (25.312-b07 mixed mode bsd-amd64 compressed oops)
# Failed to write core dump. Core dumps have been disabled. To enable core dumping, try "ulimit -c unlimited" before starting Java again
#
# If you would like to submit a bug report, please visit:
#   http://www.azul.com/support/
# The crash happened outside the Java Virtual Machine in native code.
# See problematic frame for where to report the bug.
#

---------------  T H R E A D  ---------------

Current thread (0x00007fe27c1d4000):  JavaThread "Thread-1" daemon [_thread_in_native, id=40195, stack(0x000070000c9c3000,0x000070000cac3000)]

Stack: [0x000070000c9c3000,0x000070000cac3000],  sp=0x000070000cac1fe0,  free space=1019k
Native frames: (J=compiled Java code, j=interpreted, Vv=VM code, C=native code)
V  [libjvm.dylib+0x5b1e72]
V  [libjvm.dylib+0x1d77b3]
V  [libjvm.dylib+0x4fb301]
V  [libjvm.dylib+0x576b31]
V  [libjvm.dylib+0x30e798]
C  [libglass.dylib+0x9e88]  -[GlassRunnable dealloc]+0x28
C  [Foundation+0x818ee]  -[_NSThreadPerformInfo dealloc]+0x2a
C  [Foundation+0x4e466]  -[NSObject(NSThreadPerformAdditions) performSelectorOnMainThread:withObject:waitUntilDone:]+0x7c
j  com.sun.glass.ui.mac.MacApplication._submitForLaterInvocation(Ljava/lang/Runnable;)V+0
j  com.sun.glass.ui.mac.MacApplication.submitForLaterInvocation(Ljava/lang/Runnable;)V+2
j  com.sun.glass.ui.InvokeLaterDispatcher.run()V+82
v  ~StubRoutines::call_stub
V  [libjvm.dylib+0x2d7e24]
V  [libjvm.dylib+0x2d6c7e]
V  [libjvm.dylib+0x2d6e5f]
V  [libjvm.dylib+0x35324b]
V  [libjvm.dylib+0x57538a]
V  [libjvm.dylib+0x57523d]
V  [libjvm.dylib+0x49f1f7]
C  [libsystem_pthread.dylib+0x64e1]  _pthread_start+0x7d
C  [libsystem_pthread.dylib+0x1f6b]  thread_start+0xf
C  0x0000000000000000

Java frames: (J=compiled Java code, j=interpreted, Vv=VM code)
j  com.sun.glass.ui.mac.MacApplication._submitForLaterInvocation(Ljava/lang/Runnable;)V+0
j  com.sun.glass.ui.mac.MacApplication.submitForLaterInvocation(Ljava/lang/Runnable;)V+2
j  com.sun.glass.ui.InvokeLaterDispatcher.run()V+82
v  ~StubRoutines::call_stub

---------------  P R O C E S S  ---------------

Java Threads: ( => current thread )
  0x00007fe27b1bc000 JavaThread "PulseTimer-CVDisplayLink thread" daemon [_thread_in_native, id=76547, stack(0x000070000ced8000,0x000070000cf58000)]
  0x00007fe27aa58000 JavaThread "Prism Font Disposer" daemon [_thread_blocked, id=83207, stack(0x000070000cb49000,0x000070000cc49000)]
  0x00007fe27b165000 JavaThread "JavaFX-Launcher" [_thread_blocked, id=50435, stack(0x000070000cd52000,0x000070000ce52000)]
  0x00007fe27c88d000 JavaThread "JavaFX Application Thread" [_thread_in_native_trans, id=259, stack(0x00007ff7bd50f000,0x00007ff7bdd0f000)]
=>0x00007fe27c1d4000 JavaThread "Thread-1" daemon [_thread_in_native, id=40195, stack(0x000070000c9c3000,0x000070000cac3000)]
  0x00007fe27a907800 JavaThread "Attach Listener" daemon [_thread_blocked, id=24067, stack(0x000070000c8c0000,0x000070000c9c0000)]
  0x00007fe27a8f6000 JavaThread "QuantumRenderer-0" daemon [_thread_blocked, id=15107, stack(0x000070000c7bd000,0x000070000c8bd000)]
  0x00007fe27a8a6800 JavaThread "Service Thread" daemon [_thread_blocked, id=17411, stack(0x000070000c5b7000,0x000070000c6b7000)]
  0x00007fe27c835800 JavaThread "C1 CompilerThread2" daemon [_thread_blocked, id=17923, stack(0x000070000c4b4000,0x000070000c5b4000)]
  0x00007fe27c834000 JavaThread "C2 CompilerThread1" daemon [_thread_blocked, id=18179, stack(0x000070000c3b1000,0x000070000c4b1000)]
  0x00007fe27a89a000 JavaThread "C2 CompilerThread0" daemon [_thread_blocked, id=14339, stack(0x000070000c2ae000,0x000070000c3ae000)]
  0x00007fe27b056000 JavaThread "Monitor Ctrl-Break" daemon [_thread_in_native, id=13827, stack(0x000070000c1ab000,0x000070000c2ab000)]
  0x00007fe27a84a800 JavaThread "Signal Dispatcher" daemon [_thread_blocked, id=18691, stack(0x000070000c0a8000,0x000070000c1a8000)]
  0x00007fe27b024000 JavaThread "Finalizer" daemon [_thread_blocked, id=20995, stack(0x000070000be9f000,0x000070000bf9f000)]
  0x00007fe27a83e800 JavaThread "Reference Handler" daemon [_thread_blocked, id=21507, stack(0x000070000bd9c000,0x000070000be9c000)]
  0x00007fe27a80f800 JavaThread "main" [_thread_blocked, id=10499, stack(0x000070000b78a000,0x000070000b88a000)]

Other Threads:
  0x00007fe27b01d800 VMThread [stack: 0x000070000bc99000,0x000070000bd99000] [id=12035]
  0x00007fe27a8af800 WatcherThread [stack: 0x000070000c6ba000,0x000070000c7ba000] [id=16899]

VM state:not at safepoint (normal execution)

VM Mutex/Monitor currently owned by a thread: None

heap address: 0x0000000740000000, size: 2048 MB, Compressed Oops mode: Zero based, Oop shift amount: 3
Narrow klass base: 0x0000000000000000, Narrow klass shift: 3
Compressed class space size: 1073741824 Address: 0x00000007c0000000

Heap:
 PSYoungGen      total 38400K, used 31194K [0x0000000795580000, 0x0000000798000000, 0x00000007c0000000)
  eden space 33280K, 78% used [0x0000000795580000,0x0000000796efe7d0,0x0000000797600000)
  from space 5120K, 99% used [0x0000000797600000,0x0000000797af8070,0x0000000797b00000)
  to   space 5120K, 0% used [0x0000000797b00000,0x0000000797b00000,0x0000000798000000)
 ParOldGen       total 87552K, used 4248K [0x0000000740000000, 0x0000000745580000, 0x0000000795580000)
  object space 87552K, 4% used [0x0000000740000000,0x0000000740426200,0x0000000745580000)
 Metaspace       used 16737K, capacity 17298K, committed 17664K, reserved 1064960K
  class space    used 2259K, capacity 2460K, committed 2560K, reserved 1048576K

Card table byte_map: [0x00000001027d4000,0x0000000102bd5000] byte_map_base: 0x00000000fedd4000

Marking Bits: (ParMarkBitMap*) 0x0000000103855948
 Begin Bits: [0x0000000103f65000, 0x0000000105f65000)
 End Bits:   [0x0000000105f65000, 0x0000000107f65000)

Polling page: 0x0000000102329000

CodeCache: size=245760Kb used=4472Kb max_used=4472Kb free=241287Kb
 bounds [0x000000010b3fa000, 0x000000010b86a000, 0x000000011a3fa000]
 total_blobs=1974 nmethods=1330 adapters=556
 compilation: enabled

Compilation events (10 events):
Event: 3.458 Thread 0x00007fe27c835800 1325       1       com.sun.prism.impl.BaseGraphics::getCompositeMode (5 bytes)
Event: 3.458 Thread 0x00007fe27c835800 nmethod 1325 0x000000010b858fd0 code [0x000000010b859120, 0x000000010b859230]
Event: 3.458 Thread 0x00007fe27c835800 1327       1       com.sun.prism.impl.ps.BaseShaderContext$State::access$100 (5 bytes)
Event: 3.458 Thread 0x00007fe27c835800 nmethod 1327 0x000000010b859290 code [0x000000010b8593e0, 0x000000010b8594d0]
Event: 3.508 Thread 0x00007fe27c835800 1328       3       java.util.WeakHashMap$HashIterator::hasNext (95 bytes)
Event: 3.508 Thread 0x00007fe27c835800 nmethod 1328 0x000000010b859550 code [0x000000010b8596e0, 0x000000010b859bb0]
Event: 3.658 Thread 0x00007fe27c835800 1329       3       java.util.WeakHashMap::size (18 bytes)
Event: 3.658 Thread 0x00007fe27c835800 nmethod 1329 0x000000010b859d90 code [0x000000010b859f00, 0x000000010b85a0e8]
Event: 3.709 Thread 0x00007fe27c835800 1330       1       java.util.WeakHashMap$Entry::getValue (5 bytes)
Event: 3.710 Thread 0x00007fe27c835800 nmethod 1330 0x000000010b85a190 code [0x000000010b85a2e0, 0x000000010b85a3f0]

GC Heap History (2 events):
Event: 2.238 GC heap before
{Heap before GC invocations=1 (full 0):
 PSYoungGen      total 38400K, used 33280K [0x0000000795580000, 0x0000000798000000, 0x00000007c0000000)
  eden space 33280K, 100% used [0x0000000795580000,0x0000000797600000,0x0000000797600000)
  from space 5120K, 0% used [0x0000000797b00000,0x0000000797b00000,0x0000000798000000)
  to   space 5120K, 0% used [0x0000000797600000,0x0000000797600000,0x0000000797b00000)
 ParOldGen       total 87552K, used 0K [0x0000000740000000, 0x0000000745580000, 0x0000000795580000)
  object space 87552K, 0% used [0x0000000740000000,0x0000000740000000,0x0000000745580000)
 Metaspace       used 11451K, capacity 11852K, committed 12160K, reserved 1060864K
  class space    used 1465K, capacity 1591K, committed 1664K, reserved 1048576K
Event: 2.247 GC heap after
Heap after GC invocations=1 (full 0):
 PSYoungGen      total 38400K, used 5088K [0x0000000795580000, 0x0000000798000000, 0x00000007c0000000)
  eden space 33280K, 0% used [0x0000000795580000,0x0000000795580000,0x0000000797600000)
  from space 5120K, 99% used [0x0000000797600000,0x0000000797af8070,0x0000000797b00000)
  to   space 5120K, 0% used [0x0000000797b00000,0x0000000797b00000,0x0000000798000000)
 ParOldGen       total 87552K, used 4248K [0x0000000740000000, 0x0000000745580000, 0x0000000795580000)
  object space 87552K, 4% used [0x0000000740000000,0x0000000740426200,0x0000000745580000)
 Metaspace       used 11451K, capacity 11852K, committed 12160K, reserved 1060864K
  class space    used 1465K, capacity 1591K, committed 1664K, reserved 1048576K
}

Deoptimization events (10 events):
Event: 2.907 Thread 0x00007fe27c88d000 Uncommon trap: reason=class_check action=maybe_recompile pc=0x000000010b6eac00 method=java.io.DataInputStream.readShort()S @ 4
Event: 2.907 Thread 0x00007fe27c88d000 Uncommon trap: reason=class_check action=maybe_recompile pc=0x000000010b6eac00 method=java.io.DataInputStream.readShort()S @ 4
Event: 2.907 Thread 0x00007fe27c88d000 Uncommon trap: reason=class_check action=maybe_recompile pc=0x000000010b6eac00 method=java.io.DataInputStream.readShort()S @ 4
Event: 2.907 Thread 0x00007fe27c88d000 Uncommon trap: reason=class_check action=maybe_recompile pc=0x000000010b6eac00 method=java.io.DataInputStream.readShort()S @ 4
Event: 2.911 Thread 0x00007fe27c88d000 Uncommon trap: reason=class_check action=maybe_recompile pc=0x000000010b51ee50 method=java.lang.String.equals(Ljava/lang/Object;)Z @ 8
Event: 2.911 Thread 0x00007fe27c88d000 Uncommon trap: reason=class_check action=maybe_recompile pc=0x000000010b51ee50 method=java.lang.String.equals(Ljava/lang/Object;)Z @ 8
Event: 2.911 Thread 0x00007fe27c88d000 Uncommon trap: reason=class_check action=maybe_recompile pc=0x000000010b51ee50 method=java.lang.String.equals(Ljava/lang/Object;)Z @ 8
Event: 2.952 Thread 0x00007fe27c88d000 Uncommon trap: reason=class_check action=maybe_recompile pc=0x000000010b51ee50 method=java.lang.String.equals(Ljava/lang/Object;)Z @ 8
Event: 3.147 Thread 0x00007fe27c88d000 Uncommon trap: reason=unstable_if action=reinterpret pc=0x000000010b7c20fc method=jdk.internal.org.objectweb.asm.Type.getArgumentsAndReturnSizes(Ljava/lang/String;)I @ 47
Event: 3.208 Thread 0x00007fe27a8f6000 Uncommon trap: reason=unstable_if action=reinterpret pc=0x000000010b6b2480 method=sun.net.www.ParseUtil.encodePath(Ljava/lang/String;Z)Ljava/lang/String; @ 109

Classes redefined (0 events):
No events

Internal exceptions (10 events):
Event: 1.868 Thread 0x00007fe27c88d000 Exception <a 'java/lang/NullPointerException'> (0x0000000796d81578) thrown at [/Users/tester/jenkins/workspace/zulu8-build-macosx/zulu-src/hotspot/src/share/vm/interpreter/linkResolver.cpp, line 1185]
Event: 1.868 Thread 0x00007fe27c88d000 Exception <a 'java/lang/NullPointerException'> (0x0000000796d81578) thrown at [/Users/tester/jenkins/workspace/zulu8-build-macosx/zulu-src/hotspot/src/share/vm/prims/jvm.cpp, line 1533]
Event: 1.985 Thread 0x00007fe27c88d000 Exception <a 'java/io/FileNotFoundException'> (0x0000000796ff29b8) thrown at [/Users/tester/jenkins/workspace/zulu8-build-macosx/zulu-src/hotspot/src/share/vm/prims/jni.cpp, line 711]
Event: 2.101 Thread 0x00007fe27c88d000 Exception <a 'java/io/FileNotFoundException'> (0x00000007971d1730) thrown at [/Users/tester/jenkins/workspace/zulu8-build-macosx/zulu-src/hotspot/src/share/vm/prims/jni.cpp, line 711]
Event: 2.158 Thread 0x00007fe27c88d000 Exception <a 'java/io/FileNotFoundException'> (0x00000007971edf60) thrown at [/Users/tester/jenkins/workspace/zulu8-build-macosx/zulu-src/hotspot/src/share/vm/prims/jni.cpp, line 711]
Event: 2.624 Thread 0x00007fe27c88d000 Exception <a 'java/io/FileNotFoundException'> (0x0000000795b024f0) thrown at [/Users/tester/jenkins/workspace/zulu8-build-macosx/zulu-src/hotspot/src/share/vm/prims/jni.cpp, line 711]
Event: 2.632 Thread 0x00007fe27c88d000 Exception <a 'java/io/FileNotFoundException'> (0x0000000795b10660) thrown at [/Users/tester/jenkins/workspace/zulu8-build-macosx/zulu-src/hotspot/src/share/vm/prims/jni.cpp, line 711]
Event: 2.672 Thread 0x00007fe27c88d000 Exception <a 'java/io/FileNotFoundException'> (0x0000000795d2b550) thrown at [/Users/tester/jenkins/workspace/zulu8-build-macosx/zulu-src/hotspot/src/share/vm/prims/jni.cpp, line 711]
Event: 2.745 Thread 0x00007fe27c88d000 Implicit null exception at 0x000000010b7572f5 to 0x000000010b757531
Event: 2.751 Thread 0x00007fe27c88d000 Implicit null exception at 0x000000010b6f722f to 0x000000010b6f7299

Events (10 events):
Event: 3.405 loading class com/sun/javafx/image/impl/ByteGray$Accessor
Event: 3.405 loading class com/sun/javafx/image/impl/ByteGray$Accessor done
Event: 3.405 loading class com/sun/javafx/image/impl/BaseByteToByteConverter$ByteAnyToSameConverter
Event: 3.405 loading class com/sun/javafx/image/impl/BaseByteToByteConverter$ByteAnyToSameConverter done
Event: 3.430 loading class com/sun/prism/impl/ps/PaintHelper
Event: 3.430 loading class com/sun/prism/impl/ps/PaintHelper done
Event: 3.431 loading class com/sun/prism/paint/LinearGradient
Event: 3.431 loading class com/sun/prism/paint/LinearGradient done
Event: 3.432 loading class com/sun/prism/shader/Texture_RadialGradient_REFLECT_Loader
Event: 3.432 loading class com/sun/prism/shader/Texture_RadialGradient_REFLECT_Loader done


Dynamic libraries:
0x00007ff8308ff000 	/System/Library/Frameworks/Cocoa.framework/Versions/A/Cocoa
0x00007ff81c568000 	/System/Library/Frameworks/AppKit.framework/Versions/C/AppKit
0x00007ff81fa7b000 	/System/Library/Frameworks/CoreData.framework/Versions/A/CoreData
0x00007ff81a96c000 	/System/Library/Frameworks/Foundation.framework/Versions/C/Foundation
0x00007ff824894000 	/usr/lib/libSystem.B.dylib
0x00007ff81d3f7000 	/System/Library/PrivateFrameworks/UIFoundation.framework/Versions/A/UIFoundation
0x00007ff82a803000 	/System/Library/PrivateFrameworks/RemoteViewServices.framework/Versions/A/RemoteViewServices
0x00007ff822ae9000 	/System/Library/PrivateFrameworks/XCTTargetBootstrap.framework/Versions/A/XCTTargetBootstrap
0x00007ff82669b000 	/System/Library/PrivateFrameworks/InternationalSupport.framework/Versions/A/InternationalSupport
0x00007ff826725000 	/System/Library/PrivateFrameworks/UserActivity.framework/Versions/A/UserActivity
0x00007ff825a7b000 	/usr/lib/libspindump.dylib
0x00007ff81d685000 	/System/Library/Frameworks/UniformTypeIdentifiers.framework/Versions/A/UniformTypeIdentifiers
0x00007ff821211000 	/usr/lib/libapp_launch_measurement.dylib
0x00007ff82044c000 	/System/Library/PrivateFrameworks/CoreAnalytics.framework/Versions/A/CoreAnalytics
0x00007ff821214000 	/System/Library/PrivateFrameworks/CoreAutoLayout.framework/Versions/A/CoreAutoLayout
0x00007ff822443000 	/System/Library/Frameworks/Metal.framework/Versions/A/Metal
0x00007ff82316e000 	/usr/lib/liblangid.dylib
0x00007ff822aee000 	/System/Library/PrivateFrameworks/CoreSVG.framework/Versions/A/CoreSVG
0x00007ff81ea70000 	/System/Library/PrivateFrameworks/SkyLight.framework/Versions/A/SkyLight
0x00007ff81ee0e000 	/System/Library/Frameworks/CoreGraphics.framework/Versions/A/CoreGraphics
0x00007ff82aec3000 	/System/Library/Frameworks/Accelerate.framework/Versions/A/Accelerate
0x00007ff8254fa000 	/System/Library/PrivateFrameworks/IconServices.framework/Versions/A/IconServices
0x00007ff822428000 	/System/Library/Frameworks/IOSurface.framework/Versions/A/IOSurface
0x00007ff82047a000 	/usr/lib/libDiagnosticMessagesClient.dylib
0x00007ff8247b4000 	/usr/lib/libz.1.dylib
0x00007ff82e5a3000 	/System/Library/Frameworks/ApplicationServices.framework/Versions/A/ApplicationServices
0x00007ff822ad5000 	/System/Library/PrivateFrameworks/DFRFoundation.framework/Versions/A/DFRFoundation
0x00007ff81be50000 	/usr/lib/libicucore.A.dylib
0x00007ff827490000 	/System/Library/Frameworks/AudioToolbox.framework/Versions/A/AudioToolbox
0x00007ff8266a7000 	/System/Library/PrivateFrameworks/DataDetectorsCore.framework/Versions/A/DataDetectorsCore
0x00007ff922b8e000 	/System/Library/PrivateFrameworks/TextInput.framework/Versions/A/TextInput
0x00007ff81e9f3000 	/usr/lib/libMobileGestalt.dylib
0x00007ff8227e1000 	/System/Library/Frameworks/Carbon.framework/Versions/A/Frameworks/HIToolbox.framework/Versions/A/HIToolbox
0x00007ff820c17000 	/System/Library/Frameworks/QuartzCore.framework/Versions/A/QuartzCore
0x00007ff81baf5000 	/System/Library/Frameworks/Security.framework/Versions/A/Security
0x00007ff82a83b000 	/System/Library/Frameworks/Carbon.framework/Versions/A/Frameworks/SpeechRecognition.framework/Versions/A/SpeechRecognition
0x00007ff820f71000 	/System/Library/PrivateFrameworks/CoreUI.framework/Versions/A/CoreUI
0x00007ff81b3c0000 	/System/Library/Frameworks/CoreAudio.framework/Versions/A/CoreAudio
0x00007ff820569000 	/System/Library/Frameworks/DiskArbitration.framework/Versions/A/DiskArbitration
0x00007ff825e69000 	/System/Library/PrivateFrameworks/MultitouchSupport.framework/Versions/A/MultitouchSupport
0x00007ff81e9f2000 	/usr/lib/libenergytrace.dylib
0x00007ff81c454000 	/System/Library/Frameworks/IOKit.framework/Versions/A/IOKit
0x00007ff82ac2b000 	/System/Library/Frameworks/CoreServices.framework/Versions/A/CoreServices
0x00007ff8211ab000 	/System/Library/PrivateFrameworks/PerformanceAnalysis.framework/Versions/A/PerformanceAnalysis
0x00007ffa32873000 	/System/Library/Frameworks/OpenGL.framework/Versions/A/OpenGL
0x00007ff823dd0000 	/System/Library/PrivateFrameworks/MobileKeyBag.framework/Versions/A/MobileKeyBag
0x00007ff819930000 	/usr/lib/libobjc.A.dylib
0x00007ff81f4da000 	/System/Library/Frameworks/ColorSync.framework/Versions/A/ColorSync
0x00007ff819aea000 	/System/Library/Frameworks/CoreFoundation.framework/Versions/A/CoreFoundation
0x00007ff822d64000 	/System/Library/Frameworks/CoreImage.framework/Versions/A/CoreImage
0x00007ff81b1d4000 	/System/Library/Frameworks/CoreText.framework/Versions/A/CoreText
0x00007ff822b1e000 	/System/Library/Frameworks/ImageIO.framework/Versions/A/ImageIO
0x00007ff82489a000 	/System/Library/PrivateFrameworks/SoftLinking.framework/Versions/A/SoftLinking
0x00007ff82125c000 	/usr/lib/libxml2.2.dylib
0x00007ff8199f6000 	/usr/lib/libc++.1.dylib
0x00007ff824b1e000 	/usr/lib/libcompression.dylib
0x00007ff8265ce000 	/System/Library/PrivateFrameworks/TextureIO.framework/Versions/A/TextureIO
0x00007ff82520c000 	/usr/lib/libate.dylib
0x00007ff82488f000 	/usr/lib/system/libcache.dylib
0x00007ff82484b000 	/usr/lib/system/libcommonCrypto.dylib
0x00007ff824874000 	/usr/lib/system/libcompiler_rt.dylib
0x00007ff82486a000 	/usr/lib/system/libcopyfile.dylib
0x00007ff81982b000 	/usr/lib/system/libcorecrypto.dylib
0x00007ff8198e9000 	/usr/lib/system/libdispatch.dylib
0x00007ff819aa9000 	/usr/lib/system/libdyld.dylib
0x00007ff824886000 	/usr/lib/system/libkeymgr.dylib
0x00007ff824829000 	/usr/lib/system/libmacho.dylib
0x00007ff823eaa000 	/usr/lib/system/libquarantine.dylib
0x00007ff824884000 	/usr/lib/system/libremovefile.dylib
0x00007ff81ea40000 	/usr/lib/system/libsystem_asl.dylib
0x00007ff8197d4000 	/usr/lib/system/libsystem_blocks.dylib
0x00007ff81996d000 	/usr/lib/system/libsystem_c.dylib
0x00007ff82487c000 	/usr/lib/system/libsystem_collections.dylib
0x00007ff82315e000 	/usr/lib/system/libsystem_configuration.dylib
0x00007ff82240b000 	/usr/lib/system/libsystem_containermanager.dylib
0x00007ff824561000 	/usr/lib/system/libsystem_coreservices.dylib
0x00007ff81c0e4000 	/usr/lib/system/libsystem_darwin.dylib
0x00007ff824887000 	/usr/lib/system/libsystem_dnssd.dylib
0x00007ff81996a000 	/usr/lib/system/libsystem_featureflags.dylib
0x00007ff819abf000 	/usr/lib/system/libsystem_info.dylib
0x00007ff8247c7000 	/usr/lib/system/libsystem_m.dylib
0x00007ff8198bd000 	/usr/lib/system/libsystem_malloc.dylib
0x00007ff81e9db000 	/usr/lib/system/libsystem_networkextension.dylib
0x00007ff81c50a000 	/usr/lib/system/libsystem_notify.dylib
0x00007ff82ab00000 	/usr/lib/system/libsystem_product_info_filter.dylib
0x00007ff823162000 	/usr/lib/system/libsystem_sandbox.dylib
0x00007ff824881000 	/usr/lib/system/libsystem_secinit.dylib
0x00007ff819a65000 	/usr/lib/system/libsystem_kernel.dylib
0x00007ff819ab5000 	/usr/lib/system/libsystem_platform.dylib
0x00007ff819a9d000 	/usr/lib/system/libsystem_pthread.dylib
0x00007ff82028c000 	/usr/lib/system/libsystem_symptoms.dylib
0x00007ff819812000 	/usr/lib/system/libsystem_trace.dylib
0x00007ff824857000 	/usr/lib/system/libunwind.dylib
0x00007ff8197d6000 	/usr/lib/system/libxpc.dylib
0x00007ff819a4f000 	/usr/lib/libc++abi.dylib
0x00007ff824862000 	/usr/lib/liboah.dylib
0x00007ff824fe8000 	/usr/lib/liblzma.5.dylib
0x00007ff81a67b000 	/System/Library/Frameworks/SystemConfiguration.framework/Versions/A/SystemConfiguration
0x00007ff824896000 	/usr/lib/libfakelink.dylib
0x00007ff81e54c000 	/System/Library/Frameworks/CFNetwork.framework/Versions/A/CFNetwork
0x00007ff8249d7000 	/usr/lib/libarchive.2.dylib
0x00007ff82316a000 	/System/Library/PrivateFrameworks/AppleSystemInfo.framework/Versions/A/AppleSystemInfo
0x00007ff823ed1000 	/usr/lib/libbsm.0.dylib
0x00007ff81db5b000 	/usr/lib/libnetwork.dylib
0x00007ff82482f000 	/usr/lib/system/libkxld.dylib
0x00007ff823b04000 	/System/Library/PrivateFrameworks/IOMobileFramebuffer.framework/Versions/A/IOMobileFramebuffer
0x00007ffb31c47000 	/usr/lib/libCoreEntitlements.dylib
0x00007ff824543000 	/System/Library/PrivateFrameworks/AppleFSCompression.framework/Versions/A/AppleFSCompression
0x00007ff823eb9000 	/usr/lib/libcoretls.dylib
0x00007ff825002000 	/usr/lib/libcoretls_cfhelpers.dylib
0x00007ff824b19000 	/usr/lib/libpam.2.dylib
0x00007ff81feac000 	/usr/lib/libsqlite3.dylib
0x00007ff825071000 	/usr/lib/libxar.1.dylib
0x00007ff824553000 	/usr/lib/libbz2.1.0.dylib
0x00007ff82489b000 	/usr/lib/libpcap.A.dylib
0x00007ff820284000 	/usr/lib/libdns_services.dylib
0x00007ff824ae9000 	/usr/lib/libapple_nghttp2.dylib
0x00007ff8248d5000 	/usr/lib/libiconv.2.dylib
0x00007ff824828000 	/usr/lib/libcharset.1.dylib
0x00007ff8211df000 	/System/Library/Frameworks/CoreServices.framework/Versions/A/Frameworks/FSEvents.framework/Versions/A/FSEvents
0x00007ff81c0ee000 	/System/Library/Frameworks/CoreServices.framework/Versions/A/Frameworks/CarbonCore.framework/Versions/A/CarbonCore
0x00007ff8204cd000 	/System/Library/Frameworks/CoreServices.framework/Versions/A/Frameworks/Metadata.framework/Versions/A/Metadata
0x00007ff824566000 	/System/Library/Frameworks/CoreServices.framework/Versions/A/Frameworks/OSServices.framework/Versions/A/OSServices
0x00007ff824a5e000 	/System/Library/Frameworks/CoreServices.framework/Versions/A/Frameworks/SearchKit.framework/Versions/A/SearchKit
0x00007ff820217000 	/System/Library/Frameworks/CoreServices.framework/Versions/A/Frameworks/AE.framework/Versions/A/AE
0x00007ff819fed000 	/System/Library/Frameworks/CoreServices.framework/Versions/A/Frameworks/LaunchServices.framework/Versions/A/LaunchServices
0x00007ff824f99000 	/System/Library/Frameworks/CoreServices.framework/Versions/A/Frameworks/DictionaryServices.framework/Versions/A/DictionaryServices
0x00007ff8211ec000 	/System/Library/Frameworks/CoreServices.framework/Versions/A/Frameworks/SharedFileList.framework/Versions/A/SharedFileList
0x00007ff823ead000 	/usr/lib/libCheckFix.dylib
0x00007ff81ea57000 	/System/Library/PrivateFrameworks/TCC.framework/Versions/A/TCC
0x00007ff823170000 	/System/Library/PrivateFrameworks/CoreNLP.framework/Versions/A/CoreNLP
0x00007ff82047d000 	/System/Library/PrivateFrameworks/MetadataUtilities.framework/Versions/A/MetadataUtilities
0x00007ff81a72f000 	/usr/lib/libmecabra.dylib
0x00007ff823ee1000 	/usr/lib/libmecab.dylib
0x00007ff81a6fa000 	/usr/lib/libCRFSuite.dylib
0x00007ff823f3b000 	/usr/lib/libgermantok.dylib
0x00007ff824ac4000 	/usr/lib/libThaiTokenizer.dylib
0x00007ff820570000 	/System/Library/Frameworks/Accelerate.framework/Versions/A/Frameworks/vImage.framework/Versions/A/vImage
0x00007ff82ac02000 	/System/Library/Frameworks/Accelerate.framework/Versions/A/Frameworks/vecLib.framework/Versions/A/vecLib
0x00007ff8250b2000 	/System/Library/Frameworks/Accelerate.framework/Versions/A/Frameworks/vecLib.framework/Versions/A/libvMisc.dylib
0x00007ff82392f000 	/System/Library/Frameworks/Accelerate.framework/Versions/A/Frameworks/vecLib.framework/Versions/A/libvDSP.dylib
0x00007ff81a36b000 	/System/Library/Frameworks/Accelerate.framework/Versions/A/Frameworks/vecLib.framework/Versions/A/libBLAS.dylib
0x00007ff824bfb000 	/System/Library/Frameworks/Accelerate.framework/Versions/A/Frameworks/vecLib.framework/Versions/A/libLAPACK.dylib
0x00007ff823f3e000 	/System/Library/Frameworks/Accelerate.framework/Versions/A/Frameworks/vecLib.framework/Versions/A/libLinearAlgebra.dylib
0x00007ff824b01000 	/System/Library/Frameworks/Accelerate.framework/Versions/A/Frameworks/vecLib.framework/Versions/A/libSparseBLAS.dylib
0x00007ff824bf5000 	/System/Library/Frameworks/Accelerate.framework/Versions/A/Frameworks/vecLib.framework/Versions/A/libQuadrature.dylib
0x00007ff82325b000 	/System/Library/Frameworks/Accelerate.framework/Versions/A/Frameworks/vecLib.framework/Versions/A/libBNNS.dylib
0x00007ff81a605000 	/System/Library/Frameworks/Accelerate.framework/Versions/A/Frameworks/vecLib.framework/Versions/A/libSparse.dylib
0x00007ff823254000 	/System/Library/PrivateFrameworks/LinguisticData.framework/Versions/A/LinguisticData
0x00007ff81a5bb000 	/System/Library/PrivateFrameworks/Lexicon.framework/Versions/A/Lexicon
0x00007ff8250ab000 	/usr/lib/libChineseTokenizer.dylib
0x00007ff81ad29000 	/System/Library/PrivateFrameworks/LanguageModeling.framework/Versions/A/LanguageModeling
0x00007ff824ac6000 	/System/Library/PrivateFrameworks/AppleSauce.framework/Versions/A/AppleSauce
0x00007ff823af2000 	/System/Library/PrivateFrameworks/CoreEmoji.framework/Versions/A/CoreEmoji
0x00007ff8249c6000 	/usr/lib/libcmph.dylib
0x00007ff8211c3000 	/System/Library/Frameworks/OpenDirectory.framework/Versions/A/Frameworks/CFOpenDirectory.framework/Versions/A/CFOpenDirectory
0x00007ff8211b7000 	/System/Library/Frameworks/OpenDirectory.framework/Versions/A/OpenDirectory
0x00007ff825004000 	/System/Library/PrivateFrameworks/APFS.framework/Versions/A/APFS
0x00007ff823e08000 	/System/Library/Frameworks/SecurityFoundation.framework/Versions/A/SecurityFoundation
0x00007ff82507f000 	/usr/lib/libutil.dylib
0x00007ff81c418000 	/System/Library/PrivateFrameworks/CoreServicesStore.framework/Versions/A/CoreServicesStore
0x00007ff825083000 	/usr/lib/libxslt.1.dylib
0x00007ff823e95000 	/System/Library/PrivateFrameworks/BackgroundTaskManagement.framework/Versions/A/BackgroundTaskManagement
0x00007ff8264ee000 	/System/Library/Frameworks/ImageIO.framework/Versions/A/Resources/libRadiance.dylib
0x00007ff8264f7000 	/System/Library/Frameworks/ImageIO.framework/Versions/A/Resources/libJPEG.dylib
0x00007ff826448000 	/System/Library/Frameworks/ImageIO.framework/Versions/A/Resources/libPng.dylib
0x00007ff826469000 	/System/Library/Frameworks/ImageIO.framework/Versions/A/Resources/libTIFF.dylib
0x00007ff826557000 	/System/Library/Frameworks/ImageIO.framework/Versions/A/Resources/libGIF.dylib
0x00007ff825d83000 	/System/Library/Frameworks/ImageIO.framework/Versions/A/Resources/libJP2.dylib
0x00007ff8254c1000 	/usr/lib/libexpat.1.dylib
0x00007ff825d38000 	/System/Library/PrivateFrameworks/AppleJPEG.framework/Versions/A/AppleJPEG
0x00007ff8226a5000 	/System/Library/PrivateFrameworks/FontServices.framework/libFontParser.dylib
0x00007ff8201c1000 	/System/Library/PrivateFrameworks/RunningBoardServices.framework/Versions/A/RunningBoardServices
0x00007ff830eba000 	/System/Library/PrivateFrameworks/IOSurfaceAccelerator.framework/Versions/A/IOSurfaceAccelerator
0x00007ff825e65000 	/System/Library/PrivateFrameworks/WatchdogClient.framework/Versions/A/WatchdogClient
0x00007ff81ae17000 	/System/Library/Frameworks/CoreDisplay.framework/Versions/A/CoreDisplay
0x00007ff8225a3000 	/System/Library/Frameworks/CoreMedia.framework/Versions/A/CoreMedia
0x00007ff82243a000 	/System/Library/PrivateFrameworks/IOAccelerator.framework/Versions/A/IOAccelerator
0x00007ff821340000 	/System/Library/Frameworks/CoreVideo.framework/Versions/A/CoreVideo
0x00007ff824b17000 	/System/Library/Frameworks/MetalPerformanceShaders.framework/Versions/A/MetalPerformanceShaders
0x00007ff825ea2000 	/System/Library/Frameworks/VideoToolbox.framework/Versions/A/VideoToolbox
0x00007ff82010b000 	/System/Library/PrivateFrameworks/BaseBoard.framework/Versions/A/BaseBoard
0x00007ff81fe92000 	/System/Library/PrivateFrameworks/ProtocolBuffer.framework/Versions/A/ProtocolBuffer
0x00007ff8264e7000 	/System/Library/PrivateFrameworks/GPUWrangler.framework/Versions/A/GPUWrangler
0x00007ff8264cb000 	/System/Library/PrivateFrameworks/IOPresentment.framework/Versions/A/IOPresentment
0x00007ff8264f1000 	/System/Library/PrivateFrameworks/DSExternalDisplay.framework/Versions/A/DSExternalDisplay
0x00007ffa32867000 	/System/Library/Frameworks/OpenGL.framework/Versions/A/Libraries/libCoreFSCache.dylib
0x00007ffb1f36b000 	/System/Library/PrivateFrameworks/GPUCompiler.framework/Versions/31001/Libraries/libGPUCompilerUtils.dylib
0x00007ff82655c000 	/System/Library/PrivateFrameworks/CMCaptureCore.framework/Versions/A/CMCaptureCore
0x00007ff825a69000 	/System/Library/PrivateFrameworks/AppServerSupport.framework/Versions/A/AppServerSupport
0x00007ff827d28000 	/System/Library/PrivateFrameworks/perfdata.framework/Versions/A/perfdata
0x00007ff81af43000 	/System/Library/PrivateFrameworks/AudioToolboxCore.framework/Versions/A/AudioToolboxCore
0x00007ff822581000 	/System/Library/PrivateFrameworks/caulk.framework/Versions/A/caulk
0x00007ff82763a000 	/usr/lib/libAudioStatistics.dylib
0x00007ff91f331000 	/System/Library/PrivateFrameworks/SystemPolicy.framework/Versions/A/SystemPolicy
0x00007ff827895000 	/usr/lib/libSMC.dylib
0x00007ff8307b2000 	/System/Library/Frameworks/CoreMIDI.framework/Versions/A/CoreMIDI
0x00007ff826417000 	/usr/lib/libAudioToolboxUtility.dylib
0x00007ff91b566000 	/System/Library/PrivateFrameworks/OSAServicesClient.framework/Versions/A/OSAServicesClient
0x00007ff827d35000 	/usr/lib/libperfcheck.dylib
0x00007ff91fddb000 	/usr/lib/libmis.dylib
0x00007ffa328c2000 	/System/Library/Frameworks/OpenGL.framework/Versions/A/Libraries/libGLU.dylib
0x00007ffa32886000 	/System/Library/Frameworks/OpenGL.framework/Versions/A/Libraries/libGFXShared.dylib
0x00007ffa32a8f000 	/System/Library/Frameworks/OpenGL.framework/Versions/A/Libraries/libGL.dylib
0x00007ffa3288f000 	/System/Library/Frameworks/OpenGL.framework/Versions/A/Libraries/libGLImage.dylib
0x00007ffa32883000 	/System/Library/Frameworks/OpenGL.framework/Versions/A/Libraries/libCVMSPluginSupport.dylib
0x00007ffa3286e000 	/System/Library/Frameworks/OpenGL.framework/Versions/A/Libraries/libCoreVMClient.dylib
0x00007ff8230ec000 	/System/Library/Frameworks/MetalPerformanceShaders.framework/Versions/A/Frameworks/MPSCore.framework/Versions/A/MPSCore
0x00007ff8244ae000 	/System/Library/Frameworks/MetalPerformanceShaders.framework/Versions/A/Frameworks/MPSImage.framework/Versions/A/MPSImage
0x00007ff823f54000 	/System/Library/Frameworks/MetalPerformanceShaders.framework/Versions/A/Frameworks/MPSNeuralNetwork.framework/Versions/A/MPSNeuralNetwork
0x00007ff8243c8000 	/System/Library/Frameworks/MetalPerformanceShaders.framework/Versions/A/Frameworks/MPSMatrix.framework/Versions/A/MPSMatrix
0x00007ff824183000 	/System/Library/Frameworks/MetalPerformanceShaders.framework/Versions/A/Frameworks/MPSRayIntersector.framework/Versions/A/MPSRayIntersector
0x00007ff824400000 	/System/Library/Frameworks/MetalPerformanceShaders.framework/Versions/A/Frameworks/MPSNDArray.framework/Versions/A/MPSNDArray
0x00007ffa37a89000 	/System/Library/Frameworks/MetalPerformanceShaders.framework/Versions/A/Frameworks/MPSFunctions.framework/Versions/A/MPSFunctions
0x00007ff81a244000 	/System/Library/PrivateFrameworks/MetalTools.framework/Versions/A/MetalTools
0x00007ff823168000 	/System/Library/PrivateFrameworks/AggregateDictionary.framework/Versions/A/AggregateDictionary
0x00007ff8252a3000 	/usr/lib/libIOReport.dylib
0x00007ffa33e9e000 	/System/Library/Frameworks/OpenCL.framework/Versions/A/OpenCL
0x00007ff825607000 	/System/Library/PrivateFrameworks/FaceCore.framework/Versions/A/FaceCore
0x00007ff8255f8000 	/System/Library/PrivateFrameworks/GraphVisualizer.framework/Versions/A/GraphVisualizer
0x00007ffb1f276000 	/System/Library/PrivateFrameworks/FontServices.framework/Versions/A/FontServices
0x00007ff825a21000 	/System/Library/PrivateFrameworks/OTSVG.framework/Versions/A/OTSVG
0x00007ff820f27000 	/System/Library/Frameworks/ApplicationServices.framework/Versions/A/Frameworks/ATS.framework/Versions/A/Resources/libFontRegistry.dylib
0x00007ff825a71000 	/System/Library/PrivateFrameworks/FontServices.framework/libhvf.dylib
0x00007ffb1f277000 	/System/Library/PrivateFrameworks/FontServices.framework/libXTFontStaticRegistryData.dylib
0x00007ff825471000 	/System/Library/PrivateFrameworks/AppleVA.framework/Versions/A/AppleVA
0x00007ff82765a000 	/System/Library/Frameworks/ApplicationServices.framework/Versions/A/Frameworks/ATS.framework/Versions/A/ATS
0x00007ff81f5d8000 	/System/Library/Frameworks/ApplicationServices.framework/Versions/A/Frameworks/HIServices.framework/Versions/A/HIServices
0x00007ff826566000 	/System/Library/Frameworks/ApplicationServices.framework/Versions/A/Frameworks/PrintCore.framework/Versions/A/PrintCore
0x00007ff8279e8000 	/System/Library/Frameworks/ApplicationServices.framework/Versions/A/Frameworks/QD.framework/Versions/A/QD
0x00007ff8279e0000 	/System/Library/Frameworks/ApplicationServices.framework/Versions/A/Frameworks/ColorSyncLegacy.framework/Versions/A/ColorSyncLegacy
0x00007ff82764a000 	/System/Library/Frameworks/ApplicationServices.framework/Versions/A/Frameworks/SpeechSynthesis.framework/Versions/A/SpeechSynthesis
0x00007ff826527000 	/System/Library/Frameworks/ApplicationServices.framework/Versions/A/Frameworks/ATSUI.framework/Versions/A/ATSUI
0x00007ff827975000 	/usr/lib/libcups.2.dylib
0x00007ff827d44000 	/System/Library/Frameworks/Kerberos.framework/Versions/A/Kerberos
0x00007ff827d53000 	/System/Library/Frameworks/GSS.framework/Versions/A/GSS
0x00007ff8276c6000 	/usr/lib/libresolv.9.dylib
0x00007ff825a80000 	/System/Library/PrivateFrameworks/Heimdal.framework/Versions/A/Heimdal
0x00007ff82e935000 	/System/Library/Frameworks/Kerberos.framework/Versions/A/Libraries/libHeimdalProxy.dylib
0x00007ff820294000 	/System/Library/Frameworks/Network.framework/Versions/A/Network
0x00007ff8254db000 	/usr/lib/libheimdal-asn1.dylib
0x00007ff827d9e000 	/System/Library/PrivateFrameworks/CommonAuth.framework/Versions/A/CommonAuth
0x00007ff8275cc000 	/System/Library/PrivateFrameworks/AudioSession.framework/Versions/A/AudioSession
0x00007ff82556b000 	/System/Library/PrivateFrameworks/MediaExperience.framework/Versions/A/MediaExperience
0x00007ff82745f000 	/System/Library/PrivateFrameworks/AudioSession.framework/libSessionUtility.dylib
0x00007ff8279f4000 	/System/Library/PrivateFrameworks/AudioResourceArbitration.framework/Versions/A/AudioResourceArbitration
0x00007ff82ba75000 	/System/Library/PrivateFrameworks/PowerLog.framework/Versions/A/PowerLog
0x00007ff8254e4000 	/System/Library/PrivateFrameworks/IconFoundation.framework/Versions/A/IconFoundation
0x00007ff82a82b000 	/System/Library/PrivateFrameworks/SpeechRecognitionCore.framework/Versions/A/SpeechRecognitionCore
0x000000010312a000 	/Library/Java/JavaVirtualMachines/zulu-8.jdk/Contents/Home/jre/lib/server/libjvm.dylib
0x000000010233a000 	/Library/Java/JavaVirtualMachines/zulu-8.jdk/Contents/Home/jre/lib/libverify.dylib
0x000000010238e000 	/Library/Java/JavaVirtualMachines/zulu-8.jdk/Contents/Home/jre/lib/libjava.dylib
0x00000001023d1000 	/Library/Java/JavaVirtualMachines/zulu-8.jdk/Contents/Home/jre/lib/libinstrument.dylib
0x0000000102405000 	/Library/Java/JavaVirtualMachines/zulu-8.jdk/Contents/Home/jre/lib/libzip.dylib
0x000000010aa2b000 	/Library/Java/JavaVirtualMachines/zulu-8.jdk/Contents/Home/jre/lib/libnio.dylib
0x000000010aa63000 	/Library/Java/JavaVirtualMachines/zulu-8.jdk/Contents/Home/jre/lib/libnet.dylib
0x000000010ab1a000 	/Library/Java/JavaVirtualMachines/zulu-8.jdk/Contents/Home/jre/lib/libprism_es2.dylib
0x00007ff81c3da000 	/System/Library/PrivateFrameworks/CoreServicesInternal.framework/Versions/A/CoreServicesInternal
0x00007ffa32a9a000 	/System/Library/Frameworks/OpenGL.framework/Versions/A/Resources/GLEngine.bundle/GLEngine
0x00007ffa32900000 	/System/Library/Frameworks/OpenGL.framework/Versions/A/Libraries/libGLProgrammability.dylib
0x00007ffa2a378000 	/System/Library/Extensions/AppleIntelSKLGraphicsGLDriver.bundle/Contents/MacOS/AppleIntelSKLGraphicsGLDriver
0x00007ff929f60000 	/System/Library/PrivateFrameworks/GPUSupport.framework/Versions/A/Libraries/libGPUSupportMercury.dylib
0x00007ffa32c24000 	/System/Library/Frameworks/OpenGL.framework/Versions/A/Resources/GLRendererFloat.bundle/GLRendererFloat
0x000000011a71b000 	/Library/Java/JavaVirtualMachines/zulu-8.jdk/Contents/Home/jre/lib/libglass.dylib
0x00007ff82c066000 	/System/Library/Frameworks/FileProvider.framework/Versions/A/FileProvider
0x00007ff820078000 	/System/Library/Frameworks/Accounts.framework/Versions/A/Accounts
0x00007ff82c1df000 	/System/Library/PrivateFrameworks/GenerationalStorage.framework/Versions/A/GenerationalStorage
0x00007ff82ccef000 	/System/Library/PrivateFrameworks/CoreSymbolication.framework/Versions/A/CoreSymbolication
0x00007ff82ba6a000 	/System/Library/PrivateFrameworks/SymptomDiagnosticReporter.framework/Versions/A/SymptomDiagnosticReporter
0x00007ff81d699000 	/System/Library/PrivateFrameworks/DesktopServicesPriv.framework/Versions/A/DesktopServicesPriv
0x00007ff81c519000 	/usr/lib/libsandbox.1.dylib
0x00007ff8213bf000 	/System/Library/PrivateFrameworks/UserManagement.framework/Versions/A/UserManagement
0x00007ff82ccb4000 	/System/Library/PrivateFrameworks/DebugSymbols.framework/Versions/A/DebugSymbols
0x00007ff8279d5000 	/System/Library/PrivateFrameworks/NetAuth.framework/Versions/A/NetAuth
0x00007ff8288e4000 	/System/Library/PrivateFrameworks/Sharing.framework/Versions/A/Sharing
0x00007ff821392000 	/System/Library/PrivateFrameworks/login.framework/Versions/A/Frameworks/loginsupport.framework/Versions/A/loginsupport
0x00007ff82de52000 	/System/Library/PrivateFrameworks/Apple80211.framework/Versions/A/Apple80211
0x00007ff824593000 	/System/Library/PrivateFrameworks/AuthKit.framework/Versions/A/AuthKit
0x00007ff823be8000 	/System/Library/PrivateFrameworks/CoreUtils.framework/Versions/A/CoreUtils
0x00007ff823b0f000 	/System/Library/Frameworks/CoreWLAN.framework/Versions/A/CoreWLAN
0x00007ff828a43000 	/System/Library/Frameworks/IOBluetooth.framework/Versions/A/IOBluetooth
0x00007ff82deba000 	/System/Library/PrivateFrameworks/CoreWiFi.framework/Versions/A/CoreWiFi
0x00007ff82c889000 	/System/Library/PrivateFrameworks/FrontBoardServices.framework/Versions/A/FrontBoardServices
0x00007ff82c91a000 	/System/Library/PrivateFrameworks/BoardServices.framework/Versions/A/BoardServices
0x00007ff823df7000 	/System/Library/PrivateFrameworks/AssertionServices.framework/Versions/A/AssertionServices
0x00007ff82e03d000 	/System/Library/PrivateFrameworks/BackBoardServices.framework/Versions/A/BackBoardServices
0x00007ff827e2f000 	/System/Library/PrivateFrameworks/CorePhoneNumbers.framework/Versions/A/CorePhoneNumbers
0x00007ff8276f3000 	/System/Library/PrivateFrameworks/MultiverseSupport.framework/Versions/A/MultiverseSupport
0x00007ff82e2b0000 	/System/Library/PrivateFrameworks/RemoteServiceDiscovery.framework/Versions/A/RemoteServiceDiscovery
0x00007ff82bb87000 	/System/Library/PrivateFrameworks/DiskManagement.framework/Versions/A/DiskManagement
0x00007ff82ba9b000 	/System/Library/PrivateFrameworks/AppleIDAuthSupport.framework/Versions/A/AppleIDAuthSupport
0x00007ffb19c0d000 	/System/Library/PrivateFrameworks/AAAFoundation.framework/Versions/A/AAAFoundation
0x00007ff827e10000 	/System/Library/PrivateFrameworks/KeychainCircle.framework/Versions/A/KeychainCircle
0x00007ff82e2c0000 	/System/Library/PrivateFrameworks/RemoteXPC.framework/Versions/A/RemoteXPC
0x00007ff82bb53000 	/System/Library/PrivateFrameworks/MediaKit.framework/Versions/A/MediaKit
0x00007ff82baa7000 	/System/Library/Frameworks/DiscRecording.framework/Versions/A/DiscRecording
0x00007ff8253e9000 	/usr/lib/libCoreStorage.dylib
0x00007ff82e32b000 	/usr/lib/libcsfde.dylib
0x00007ff828b10000 	/System/Library/PrivateFrameworks/ProtectedCloudStorage.framework/Versions/A/ProtectedCloudStorage
0x00007ff82e327000 	/System/Library/PrivateFrameworks/EFILogin.framework/Versions/A/EFILogin
0x00007ff82c205000 	/System/Library/PrivateFrameworks/OctagonTrust.framework/Versions/A/OctagonTrust
0x00007ffb1e4d9000 	/System/Library/PrivateFrameworks/CoreUtilsExtras.framework/Versions/A/CoreUtilsExtras
0x00007ff82b9ce000 	/System/Library/Frameworks/CoreBluetooth.framework/Versions/A/CoreBluetooth
0x00007ff82e9ba000 	/System/Library/Frameworks/AudioUnit.framework/Versions/A/AudioUnit
0x00007ff8253e1000 	/usr/lib/libMatch.1.dylib
0x00007ff9243ed000 	/System/Library/Frameworks/Accelerate.framework/Versions/A/Frameworks/vImage.framework/Versions/A/Libraries/libCGInterfaces.dylib
0x000000011bbb6000 	/usr/lib/libobjc-trampolines.dylib
0x00007ff8210b7000 	/System/Library/PrivateFrameworks/ViewBridge.framework/Versions/A/ViewBridge
0x00007ff825b37000 	/System/Library/PrivateFrameworks/login.framework/Versions/A/login
0x000000011e2e1000 	/Library/Java/JavaVirtualMachines/zulu-8.jdk/Contents/Home/jre/lib/libjavafx_font.dylib
0x00007ffb31d36000 	/usr/lib/libRosetta.dylib
0x00000001218fe000 	/Library/Java/JavaVirtualMachines/zulu-8.jdk/Contents/Home/jre/lib/libprism_common.dylib

VM Arguments:
jvm_args: -javaagent:/Applications/IntelliJ IDEA.app/Contents/lib/idea_rt.jar=55369:/Applications/IntelliJ IDEA.app/Contents/bin -Dfile.encoding=UTF-8 
java_command: AppInitializer
java_class_path (initial): /Library/Java/JavaVirtualMachines/zulu-8.jdk/Contents/Home/jre/lib/charsets.jar:/Library/Java/JavaVirtualMachines/zulu-8.jdk/Contents/Home/jre/lib/crs-agent.jar:/Library/Java/JavaVirtualMachines/zulu-8.jdk/Contents/Home/jre/lib/ext/cldrdata.jar:/Library/Java/JavaVirtualMachines/zulu-8.jdk/Contents/Home/jre/lib/ext/dnsns.jar:/Library/Java/JavaVirtualMachines/zulu-8.jdk/Contents/Home/jre/lib/ext/jaccess.jar:/Library/Java/JavaVirtualMachines/zulu-8.jdk/Contents/Home/jre/lib/ext/jfxrt.jar:/Library/Java/JavaVirtualMachines/zulu-8.jdk/Contents/Home/jre/lib/ext/legacy8ujsse.jar:/Library/Java/JavaVirtualMachines/zulu-8.jdk/Contents/Home/jre/lib/ext/localedata.jar:/Library/Java/JavaVirtualMachines/zulu-8.jdk/Contents/Home/jre/lib/ext/nashorn.jar:/Library/Java/JavaVirtualMachines/zulu-8.jdk/Contents/Home/jre/lib/ext/openjsse.jar:/Library/Java/JavaVirtualMachines/zulu-8.jdk/Contents/Home/jre/lib/ext/sunec.jar:/Library/Java/JavaVirtualMachines/zulu-8.jdk/Contents/Home/jre/lib/ext/sunjce_provider.jar:/Library/Java/JavaVirtualMachines/zulu-8.jdk/Contents/Home/jre/lib/ext/sunpkcs11.jar:/Library/Java/JavaVirtualMachines/zulu-8.jdk/Contents/Home/jre/lib/ext/zipfs.jar:/Library/Java/JavaVirtualMachines/zulu-8.jdk/Contents/Home/jre/lib/jce.jar:/Library/Java/JavaVirtualMachines/zulu-8.jdk/Contents/Home/jre/lib/jfr.jar:/Library/Java/JavaVirtualMachines/zulu-8.jdk/Contents/Home/jre/lib/jfxswt.jar:/Library/Java/JavaVirtualMachines/zulu-8.jdk/Contents/Home/jre/lib/jsse.jar:/Library/Java/JavaVirtualMachines/zulu-8.jdk/Contents/Home/jre/lib/management-agent.jar:/Library/Java/JavaVirtualMachines/zulu-8.jdk/Contents/Home/jre/lib/resources.jar:/Library/Java/JavaVirtualMachines/zulu-8.jdk/Contents/Home/jre/lib/rt.jar:/Library/Java/JavaVirtualMachines/zulu-8.jdk/Contents/Home/lib/ant-javafx.jar:/Library/Java/JavaVirtualMachines/zulu-8.jdk/Contents/Home/lib/dt.jar:/Library/Java/JavaVirtualMachines/zulu-8.jdk/Contents/Home/lib/javafx-mx.jar:/Library/Java/JavaVirtualMachi
Launcher Type: SUN_STANDARD

Environment Variables:
PATH=/usr/bin:/bin:/usr/sbin:/sbin
SHELL=/bin/zsh

Signal Handlers:
SIGSEGV: [libjvm.dylib+0x5b2935], sa_mask[0]=11111111011111110111111111111111, sa_flags=SA_ONSTACK|SA_RESTART|SA_SIGINFO
SIGBUS: [libjvm.dylib+0x5b2935], sa_mask[0]=11111111011111110111111111111111, sa_flags=SA_RESTART|SA_SIGINFO
SIGFPE: [libjvm.dylib+0x4a1701], sa_mask[0]=11111111011111110111111111111111, sa_flags=SA_RESTART|SA_SIGINFO
SIGPIPE: [libjvm.dylib+0x4a1701], sa_mask[0]=11111111011111110111111111111111, sa_flags=SA_RESTART|SA_SIGINFO
SIGXFSZ: [libjvm.dylib+0x4a1701], sa_mask[0]=11111111011111110111111111111111, sa_flags=SA_RESTART|SA_SIGINFO
SIGILL: [libjvm.dylib+0x4a1701], sa_mask[0]=11111111011111110111111111111111, sa_flags=SA_RESTART|SA_SIGINFO
SIGUSR1: SIG_DFL, sa_mask[0]=00000000000000000000000000000000, sa_flags=none
SIGUSR2: [libjvm.dylib+0x4a1ff0], sa_mask[0]=00100000000000000000000000000000, sa_flags=SA_RESTART|SA_SIGINFO
SIGHUP: [libjvm.dylib+0x4a013f], sa_mask[0]=11111111011111110111111111111111, sa_flags=SA_RESTART|SA_SIGINFO
SIGINT: [libjvm.dylib+0x4a013f], sa_mask[0]=11111111011111110111111111111111, sa_flags=SA_RESTART|SA_SIGINFO
SIGTERM: [libjvm.dylib+0x4a013f], sa_mask[0]=11111111011111110111111111111111, sa_flags=SA_RESTART|SA_SIGINFO
SIGQUIT: [libjvm.dylib+0x4a013f], sa_mask[0]=11111111011111110111111111111111, sa_flags=SA_RESTART|SA_SIGINFO


---------------  S Y S T E M  ---------------

OS:Bsduname:Darwin 21.5.0 Darwin Kernel Version 21.5.0: Tue Apr 26 21:08:22 PDT 2022; root:xnu-8020.121.3~4/RELEASE_X86_64 x86_64
rlimit: STACK 8192k, CORE 0k, NPROC 1392, NOFILE 10240, AS infinity
load average:9.43 4.87 4.09

CPU:total 4 (initial active 4) (2 cores per cpu, 2 threads per core) family 6 model 78 stepping 3, cmov, cx8, fxsr, mmx, sse, sse2, sse3, ssse3, sse4.1, sse4.2, popcnt, avx, avx2, aes, clmul, erms, 3dnowpref, lzcnt, ht, tsc, tscinvbit, bmi1, bmi2, adx

Memory: 4k page, physical 8388608k(56896k free)

/proc/meminfo:


vm_info: OpenJDK 64-Bit Server VM (25.312-b07) for bsd-amd64 JRE (Zulu 8.58.0.13-CA-macosx) (1.8.0_312-b07), built on Oct 11 2021 08:36:41 by "zulu_re" with gcc 4.2.1 Compatible Apple LLVM 11.0.0 (clang-1100.0.33.17)

time: Tue Jun 28 09:59:38 2022
timezone: +0530
elapsed time: 3.884318 seconds (0d 0h 0m 3s)

